Mensaje I / 00:00:00:000 / Root(00) para top(01)
Mensaje I / 00:00:00:000 / top(01) para buffer(02)
Mensaje D / 00:00:00:000 / buffer(02) / ... para top(01)
Mensaje D / 00:00:00:000 / top(01) / ... para Root(00)
Mensaje X / 00:00:10:000 / Root(00) / bufferin /     11.00000 para top(01)
Mensaje X / 00:00:10:000 / top(01) / bufferin /     11.00000 para buffer(02)
Mensaje D / 00:00:10:000 / buffer(02) / 00:00:05:000 para top(01)
Mensaje D / 00:00:10:000 / top(01) / 00:00:05:000 para Root(00)
Mensaje * / 00:00:15:000 / Root(00) para top(01)
Mensaje * / 00:00:15:000 / top(01) para buffer(02)
Mensaje Y / 00:00:15:000 / buffer(02) / bufferout /      1.00000 para top(01)
Mensaje D / 00:00:15:000 / buffer(02) / ... para top(01)
Mensaje Y / 00:00:15:000 / top(01) / bufferout /      1.00000 para Root(00)
Mensaje D / 00:00:15:000 / top(01) / ... para Root(00)
Mensaje X / 00:00:16:000 / Root(00) / notifydone /      1.00000 para top(01)
Mensaje X / 00:00:16:000 / top(01) / notifydone /      1.00000 para buffer(02)
Mensaje D / 00:00:16:000 / buffer(02) / 00:00:00:000 para top(01)
Mensaje D / 00:00:16:000 / top(01) / 00:00:00:000 para Root(00)
Mensaje * / 00:00:16:000 / Root(00) para top(01)
Mensaje * / 00:00:16:000 / top(01) para buffer(02)
Mensaje D / 00:00:16:000 / buffer(02) / 00:00:05:000 para top(01)
Mensaje D / 00:00:16:000 / top(01) / 00:00:05:000 para Root(00)
Mensaje * / 00:00:21:000 / Root(00) para top(01)
Mensaje * / 00:00:21:000 / top(01) para buffer(02)
Mensaje Y / 00:00:21:000 / buffer(02) / bufferout /      2.00000 para top(01)
Mensaje D / 00:00:21:000 / buffer(02) / ... para top(01)
Mensaje Y / 00:00:21:000 / top(01) / bufferout /      2.00000 para Root(00)
Mensaje D / 00:00:21:000 / top(01) / ... para Root(00)
Mensaje X / 00:00:22:000 / Root(00) / notifydone /      2.00000 para top(01)
Mensaje X / 00:00:22:000 / top(01) / notifydone /      2.00000 para buffer(02)
Mensaje D / 00:00:22:000 / buffer(02) / 00:00:00:000 para top(01)
Mensaje D / 00:00:22:000 / top(01) / 00:00:00:000 para Root(00)
Mensaje * / 00:00:22:000 / Root(00) para top(01)
Mensaje * / 00:00:22:000 / top(01) para buffer(02)
Mensaje D / 00:00:22:000 / buffer(02) / 00:00:05:000 para top(01)
Mensaje D / 00:00:22:000 / top(01) / 00:00:05:000 para Root(00)
Mensaje * / 00:00:27:000 / Root(00) para top(01)
Mensaje * / 00:00:27:000 / top(01) para buffer(02)
Mensaje Y / 00:00:27:000 / buffer(02) / bufferout /      3.00000 para top(01)
Mensaje D / 00:00:27:000 / buffer(02) / ... para top(01)
Mensaje Y / 00:00:27:000 / top(01) / bufferout /      3.00000 para Root(00)
Mensaje D / 00:00:27:000 / top(01) / ... para Root(00)
Mensaje X / 00:00:28:000 / Root(00) / notifydone /      3.00000 para top(01)
Mensaje X / 00:00:28:000 / top(01) / notifydone /      3.00000 para buffer(02)
Mensaje D / 00:00:28:000 / buffer(02) / 00:00:00:000 para top(01)
Mensaje D / 00:00:28:000 / top(01) / 00:00:00:000 para Root(00)
Mensaje * / 00:00:28:000 / Root(00) para top(01)
Mensaje * / 00:00:28:000 / top(01) para buffer(02)
Mensaje D / 00:00:28:000 / buffer(02) / 00:00:05:000 para top(01)
Mensaje D / 00:00:28:000 / top(01) / 00:00:05:000 para Root(00)
Mensaje X / 00:00:32:000 / Root(00) / notifydone /      4.00000 para top(01)
Mensaje X / 00:00:32:000 / top(01) / notifydone /      4.00000 para buffer(02)
Mensaje D / 00:00:32:000 / buffer(02) / 00:00:00:000 para top(01)
Mensaje D / 00:00:32:000 / top(01) / 00:00:00:000 para Root(00)
Mensaje * / 00:00:32:000 / Root(00) para top(01)
Mensaje * / 00:00:32:000 / top(01) para buffer(02)
Mensaje D / 00:00:32:000 / buffer(02) / 00:00:05:000 para top(01)
Mensaje D / 00:00:32:000 / top(01) / 00:00:05:000 para Root(00)
Mensaje * / 00:00:37:000 / Root(00) para top(01)
Mensaje * / 00:00:37:000 / top(01) para buffer(02)
Mensaje Y / 00:00:37:000 / buffer(02) / bufferout /      5.00000 para top(01)
Mensaje D / 00:00:37:000 / buffer(02) / ... para top(01)
Mensaje Y / 00:00:37:000 / top(01) / bufferout /      5.00000 para Root(00)
Mensaje D / 00:00:37:000 / top(01) / ... para Root(00)
Mensaje X / 00:00:40:000 / Root(00) / notifydone /      5.00000 para top(01)
Mensaje X / 00:00:40:000 / top(01) / notifydone /      5.00000 para buffer(02)
Mensaje D / 00:00:40:000 / buffer(02) / 00:00:00:000 para top(01)
Mensaje D / 00:00:40:000 / top(01) / 00:00:00:000 para Root(00)
Mensaje * / 00:00:40:000 / Root(00) para top(01)
Mensaje * / 00:00:40:000 / top(01) para buffer(02)
Mensaje D / 00:00:40:000 / buffer(02) / 00:00:05:000 para top(01)
Mensaje D / 00:00:40:000 / top(01) / 00:00:05:000 para Root(00)
Mensaje X / 00:00:42:000 / Root(00) / notifydone /      6.00000 para top(01)
Mensaje X / 00:00:42:000 / top(01) / notifydone /      6.00000 para buffer(02)
Mensaje D / 00:00:42:000 / buffer(02) / 00:00:00:000 para top(01)
Mensaje D / 00:00:42:000 / top(01) / 00:00:00:000 para Root(00)
Mensaje * / 00:00:42:000 / Root(00) para top(01)
Mensaje * / 00:00:42:000 / top(01) para buffer(02)
Mensaje D / 00:00:42:000 / buffer(02) / 00:00:05:000 para top(01)
Mensaje D / 00:00:42:000 / top(01) / 00:00:05:000 para Root(00)
Mensaje * / 00:00:47:000 / Root(00) para top(01)
Mensaje * / 00:00:47:000 / top(01) para buffer(02)
Mensaje Y / 00:00:47:000 / buffer(02) / bufferout /      7.00000 para top(01)
Mensaje D / 00:00:47:000 / buffer(02) / ... para top(01)
Mensaje Y / 00:00:47:000 / top(01) / bufferout /      7.00000 para Root(00)
Mensaje D / 00:00:47:000 / top(01) / ... para Root(00)
Mensaje X / 00:00:52:000 / Root(00) / notifydone /      7.00000 para top(01)
Mensaje X / 00:00:52:000 / top(01) / notifydone /      7.00000 para buffer(02)
Mensaje D / 00:00:52:000 / buffer(02) / 00:00:00:000 para top(01)
Mensaje D / 00:00:52:000 / top(01) / 00:00:00:000 para Root(00)
Mensaje * / 00:00:52:000 / Root(00) para top(01)
Mensaje * / 00:00:52:000 / top(01) para buffer(02)
Mensaje D / 00:00:52:000 / buffer(02) / 00:00:05:000 para top(01)
Mensaje D / 00:00:52:000 / top(01) / 00:00:05:000 para Root(00)
Mensaje * / 00:00:57:000 / Root(00) para top(01)
Mensaje * / 00:00:57:000 / top(01) para buffer(02)
Mensaje Y / 00:00:57:000 / buffer(02) / bufferout /      8.00000 para top(01)
Mensaje D / 00:00:57:000 / buffer(02) / ... para top(01)
Mensaje Y / 00:00:57:000 / top(01) / bufferout /      8.00000 para Root(00)
Mensaje D / 00:00:57:000 / top(01) / ... para Root(00)
Mensaje X / 00:00:58:000 / Root(00) / notifydone /      8.00000 para top(01)
Mensaje X / 00:00:58:000 / top(01) / notifydone /      8.00000 para buffer(02)
Mensaje D / 00:00:58:000 / buffer(02) / 00:00:00:000 para top(01)
Mensaje D / 00:00:58:000 / top(01) / 00:00:00:000 para Root(00)
Mensaje * / 00:00:58:000 / Root(00) para top(01)
Mensaje * / 00:00:58:000 / top(01) para buffer(02)
Mensaje D / 00:00:58:000 / buffer(02) / 00:00:05:000 para top(01)
Mensaje D / 00:00:58:000 / top(01) / 00:00:05:000 para Root(00)
Mensaje * / 00:01:03:000 / Root(00) para top(01)
Mensaje * / 00:01:03:000 / top(01) para buffer(02)
Mensaje Y / 00:01:03:000 / buffer(02) / bufferout /      9.00000 para top(01)
Mensaje D / 00:01:03:000 / buffer(02) / ... para top(01)
Mensaje Y / 00:01:03:000 / top(01) / bufferout /      9.00000 para Root(00)
Mensaje D / 00:01:03:000 / top(01) / ... para Root(00)
Mensaje X / 00:01:04:000 / Root(00) / notifydone /      9.00000 para top(01)
Mensaje X / 00:01:04:000 / top(01) / notifydone /      9.00000 para buffer(02)
Mensaje D / 00:01:04:000 / buffer(02) / 00:00:00:000 para top(01)
Mensaje D / 00:01:04:000 / top(01) / 00:00:00:000 para Root(00)
Mensaje * / 00:01:04:000 / Root(00) para top(01)
Mensaje * / 00:01:04:000 / top(01) para buffer(02)
Mensaje D / 00:01:04:000 / buffer(02) / 00:00:05:000 para top(01)
Mensaje D / 00:01:04:000 / top(01) / 00:00:05:000 para Root(00)
Mensaje * / 00:01:09:000 / Root(00) para top(01)
Mensaje * / 00:01:09:000 / top(01) para buffer(02)
Mensaje Y / 00:01:09:000 / buffer(02) / bufferout /     10.00000 para top(01)
Mensaje D / 00:01:09:000 / buffer(02) / ... para top(01)
Mensaje Y / 00:01:09:000 / top(01) / bufferout /     10.00000 para Root(00)
Mensaje D / 00:01:09:000 / top(01) / ... para Root(00)
Mensaje X / 00:01:10:000 / Root(00) / notifydone /     10.00000 para top(01)
Mensaje X / 00:01:10:000 / top(01) / notifydone /     10.00000 para buffer(02)
Mensaje D / 00:01:10:000 / buffer(02) / 00:00:00:000 para top(01)
Mensaje D / 00:01:10:000 / top(01) / 00:00:00:000 para Root(00)
Mensaje * / 00:01:10:000 / Root(00) para top(01)
Mensaje * / 00:01:10:000 / top(01) para buffer(02)
Mensaje D / 00:01:10:000 / buffer(02) / 00:00:05:000 para top(01)
Mensaje D / 00:01:10:000 / top(01) / 00:00:05:000 para Root(00)
Mensaje * / 00:01:15:000 / Root(00) para top(01)
Mensaje * / 00:01:15:000 / top(01) para buffer(02)
Mensaje Y / 00:01:15:000 / buffer(02) / bufferout /     11.00000 para top(01)
Mensaje D / 00:01:15:000 / buffer(02) / ... para top(01)
Mensaje Y / 00:01:15:000 / top(01) / bufferout /     11.00000 para Root(00)
Mensaje D / 00:01:15:000 / top(01) / ... para Root(00)
Mensaje X / 00:01:16:000 / Root(00) / notifydone /     11.00000 para top(01)
Mensaje X / 00:01:16:000 / top(01) / notifydone /     11.00000 para buffer(02)
Mensaje D / 00:01:16:000 / buffer(02) / 00:00:00:000 para top(01)
Mensaje D / 00:01:16:000 / top(01) / 00:00:00:000 para Root(00)
Mensaje * / 00:01:16:000 / Root(00) para top(01)
Mensaje * / 00:01:16:000 / top(01) para buffer(02)
Mensaje D / 00:01:16:000 / buffer(02) / ... para top(01)
Mensaje D / 00:01:16:000 / top(01) / ... para Root(00)
