Mensaje I / 00:00:00:000 / Root(00) para top(01)
Mensaje I / 00:00:00:000 / top(01) para custom(02)
Mensaje D / 00:00:00:000 / custom(02) / ... para top(01)
Mensaje D / 00:00:00:000 / top(01) / ... para Root(00)
Mensaje X / 00:00:00:000 / Root(00) / customin /     15.00000 para top(01)
Mensaje X / 00:00:00:000 / top(01) / customin /     15.00000 para custom(02)
Mensaje D / 00:00:00:000 / custom(02) / 00:00:15:000 para top(01)
Mensaje D / 00:00:00:000 / top(01) / 00:00:15:000 para Root(00)
Mensaje X / 00:00:11:000 / Root(00) / customin /     31.00000 para top(01)
Mensaje X / 00:00:11:000 / top(01) / customin /     31.00000 para custom(02)
Mensaje D / 00:00:11:000 / custom(02) / 00:00:04:000 para top(01)
Mensaje D / 00:00:11:000 / top(01) / 00:00:04:000 para Root(00)
Mensaje * / 00:00:15:000 / Root(00) para top(01)
Mensaje * / 00:00:15:000 / top(01) para custom(02)
Mensaje Y / 00:00:15:000 / custom(02) / customfailout /     15.00000 para top(01)
Mensaje D / 00:00:15:000 / custom(02) / ... para top(01)
Mensaje Y / 00:00:15:000 / top(01) / customfailout /     15.00000 para Root(00)
Mensaje D / 00:00:15:000 / top(01) / ... para Root(00)
Mensaje X / 00:00:31:000 / Root(00) / customin /     47.00000 para top(01)
Mensaje X / 00:00:31:000 / top(01) / customin /     47.00000 para custom(02)
Mensaje D / 00:00:31:000 / custom(02) / 00:00:15:000 para top(01)
Mensaje D / 00:00:31:000 / top(01) / 00:00:15:000 para Root(00)
Mensaje * / 00:00:46:000 / Root(00) para top(01)
Mensaje * / 00:00:46:000 / top(01) para custom(02)
Mensaje Y / 00:00:46:000 / custom(02) / customfailout /     47.00000 para top(01)
Mensaje D / 00:00:46:000 / custom(02) / ... para top(01)
Mensaje Y / 00:00:46:000 / top(01) / customfailout /     47.00000 para Root(00)
Mensaje D / 00:00:46:000 / top(01) / ... para Root(00)
Mensaje X / 00:00:56:000 / Root(00) / customin /     63.00000 para top(01)
Mensaje X / 00:00:56:000 / top(01) / customin /     63.00000 para custom(02)
Mensaje D / 00:00:56:000 / custom(02) / 00:00:15:000 para top(01)
Mensaje D / 00:00:56:000 / top(01) / 00:00:15:000 para Root(00)
Mensaje X / 00:00:58:000 / Root(00) / customin /     64.00000 para top(01)
Mensaje X / 00:00:58:000 / top(01) / customin /     64.00000 para custom(02)
Mensaje D / 00:00:58:000 / custom(02) / 00:00:13:000 para top(01)
Mensaje D / 00:00:58:000 / top(01) / 00:00:13:000 para Root(00)
Mensaje * / 00:01:11:000 / Root(00) para top(01)
Mensaje * / 00:01:11:000 / top(01) para custom(02)
Mensaje Y / 00:01:11:000 / custom(02) / customfailout /     63.00000 para top(01)
Mensaje D / 00:01:11:000 / custom(02) / ... para top(01)
Mensaje Y / 00:01:11:000 / top(01) / customfailout /     63.00000 para Root(00)
Mensaje D / 00:01:11:000 / top(01) / ... para Root(00)
Mensaje X / 00:01:50:000 / Root(00) / customin /     79.00000 para top(01)
Mensaje X / 00:01:50:000 / top(01) / customin /     79.00000 para custom(02)
Mensaje D / 00:01:50:000 / custom(02) / 00:00:15:000 para top(01)
Mensaje D / 00:01:50:000 / top(01) / 00:00:15:000 para Root(00)
Mensaje * / 00:02:05:000 / Root(00) para top(01)
Mensaje * / 00:02:05:000 / top(01) para custom(02)
Mensaje Y / 00:02:05:000 / custom(02) / customfailout /     79.00000 para top(01)
Mensaje D / 00:02:05:000 / custom(02) / ... para top(01)
Mensaje Y / 00:02:05:000 / top(01) / customfailout /     79.00000 para Root(00)
Mensaje D / 00:02:05:000 / top(01) / ... para Root(00)
Mensaje X / 00:02:10:000 / Root(00) / customin /    111.00000 para top(01)
Mensaje X / 00:02:10:000 / top(01) / customin /    111.00000 para custom(02)
Mensaje D / 00:02:10:000 / custom(02) / 00:00:15:000 para top(01)
Mensaje D / 00:02:10:000 / top(01) / 00:00:15:000 para Root(00)
Mensaje * / 00:02:25:000 / Root(00) para top(01)
Mensaje * / 00:02:25:000 / top(01) para custom(02)
Mensaje Y / 00:02:25:000 / custom(02) / customfailout /    111.00000 para top(01)
Mensaje D / 00:02:25:000 / custom(02) / ... para top(01)
Mensaje Y / 00:02:25:000 / top(01) / customfailout /    111.00000 para Root(00)
Mensaje D / 00:02:25:000 / top(01) / ... para Root(00)
Mensaje X / 00:02:30:000 / Root(00) / customin /    112.00000 para top(01)
Mensaje X / 00:02:30:000 / top(01) / customin /    112.00000 para custom(02)
Mensaje D / 00:02:30:000 / custom(02) / 00:00:15:000 para top(01)
Mensaje D / 00:02:30:000 / top(01) / 00:00:15:000 para Root(00)
Mensaje * / 00:02:45:000 / Root(00) para top(01)
Mensaje * / 00:02:45:000 / top(01) para custom(02)
Mensaje Y / 00:02:45:000 / custom(02) / customout /    112.00000 para top(01)
Mensaje D / 00:02:45:000 / custom(02) / ... para top(01)
Mensaje Y / 00:02:45:000 / top(01) / customout /    112.00000 para Root(00)
Mensaje D / 00:02:45:000 / top(01) / ... para Root(00)
Mensaje X / 00:03:10:000 / Root(00) / customin /    123.00000 para top(01)
Mensaje X / 00:03:10:000 / top(01) / customin /    123.00000 para custom(02)
Mensaje D / 00:03:10:000 / custom(02) / 00:00:15:000 para top(01)
Mensaje D / 00:03:10:000 / top(01) / 00:00:15:000 para Root(00)
Mensaje * / 00:03:25:000 / Root(00) para top(01)
Mensaje * / 00:03:25:000 / top(01) para custom(02)
Mensaje Y / 00:03:25:000 / custom(02) / customout /    123.00000 para top(01)
Mensaje D / 00:03:25:000 / custom(02) / ... para top(01)
Mensaje Y / 00:03:25:000 / top(01) / customout /    123.00000 para Root(00)
Mensaje D / 00:03:25:000 / top(01) / ... para Root(00)
Mensaje X / 00:03:30:000 / Root(00) / customin /    127.00000 para top(01)
Mensaje X / 00:03:30:000 / top(01) / customin /    127.00000 para custom(02)
Mensaje D / 00:03:30:000 / custom(02) / 00:00:15:000 para top(01)
Mensaje D / 00:03:30:000 / top(01) / 00:00:15:000 para Root(00)
Mensaje X / 00:03:35:000 / Root(00) / customin /    143.00000 para top(01)
Mensaje X / 00:03:35:000 / top(01) / customin /    143.00000 para custom(02)
Mensaje D / 00:03:35:000 / custom(02) / 00:00:10:000 para top(01)
Mensaje D / 00:03:35:000 / top(01) / 00:00:10:000 para Root(00)
Mensaje * / 00:03:45:000 / Root(00) para top(01)
Mensaje * / 00:03:45:000 / top(01) para custom(02)
Mensaje Y / 00:03:45:000 / custom(02) / customfailout /    127.00000 para top(01)
Mensaje D / 00:03:45:000 / custom(02) / ... para top(01)
Mensaje Y / 00:03:45:000 / top(01) / customfailout /    127.00000 para Root(00)
Mensaje D / 00:03:45:000 / top(01) / ... para Root(00)
Mensaje X / 00:04:00:000 / Root(00) / customin /    175.00000 para top(01)
Mensaje X / 00:04:00:000 / top(01) / customin /    175.00000 para custom(02)
Mensaje D / 00:04:00:000 / custom(02) / 00:00:15:000 para top(01)
Mensaje D / 00:04:00:000 / top(01) / 00:00:15:000 para Root(00)
Mensaje * / 00:04:15:000 / Root(00) para top(01)
Mensaje * / 00:04:15:000 / top(01) para custom(02)
Mensaje Y / 00:04:15:000 / custom(02) / customout /    175.00000 para top(01)
Mensaje D / 00:04:15:000 / custom(02) / ... para top(01)
Mensaje Y / 00:04:15:000 / top(01) / customout /    175.00000 para Root(00)
Mensaje D / 00:04:15:000 / top(01) / ... para Root(00)
Mensaje X / 00:04:30:000 / Root(00) / customin /    177.00000 para top(01)
Mensaje X / 00:04:30:000 / top(01) / customin /    177.00000 para custom(02)
Mensaje D / 00:04:30:000 / custom(02) / 00:00:15:000 para top(01)
Mensaje D / 00:04:30:000 / top(01) / 00:00:15:000 para Root(00)
Mensaje * / 00:04:45:000 / Root(00) para top(01)
Mensaje * / 00:04:45:000 / top(01) para custom(02)
Mensaje Y / 00:04:45:000 / custom(02) / customout /    177.00000 para top(01)
Mensaje D / 00:04:45:000 / custom(02) / ... para top(01)
Mensaje Y / 00:04:45:000 / top(01) / customout /    177.00000 para Root(00)
Mensaje D / 00:04:45:000 / top(01) / ... para Root(00)
Mensaje X / 00:05:00:000 / Root(00) / customin /    239.00000 para top(01)
Mensaje X / 00:05:00:000 / top(01) / customin /    239.00000 para custom(02)
Mensaje D / 00:05:00:000 / custom(02) / 00:00:15:000 para top(01)
Mensaje D / 00:05:00:000 / top(01) / 00:00:15:000 para Root(00)
Mensaje * / 00:05:15:000 / Root(00) para top(01)
Mensaje * / 00:05:15:000 / top(01) para custom(02)
Mensaje Y / 00:05:15:000 / custom(02) / customfailout /    239.00000 para top(01)
Mensaje D / 00:05:15:000 / custom(02) / ... para top(01)
Mensaje Y / 00:05:15:000 / top(01) / customfailout /    239.00000 para Root(00)
Mensaje D / 00:05:15:000 / top(01) / ... para Root(00)
Mensaje X / 00:05:20:000 / Root(00) / customin /    303.00000 para top(01)
Mensaje X / 00:05:20:000 / top(01) / customin /    303.00000 para custom(02)
Mensaje D / 00:05:20:000 / custom(02) / 00:00:15:000 para top(01)
Mensaje D / 00:05:20:000 / top(01) / 00:00:15:000 para Root(00)
Mensaje * / 00:05:35:000 / Root(00) para top(01)
Mensaje * / 00:05:35:000 / top(01) para custom(02)
Mensaje Y / 00:05:35:000 / custom(02) / customout /    303.00000 para top(01)
Mensaje D / 00:05:35:000 / custom(02) / ... para top(01)
Mensaje Y / 00:05:35:000 / top(01) / customout /    303.00000 para Root(00)
Mensaje D / 00:05:35:000 / top(01) / ... para Root(00)
Mensaje X / 00:05:36:000 / Root(00) / customin /    367.00000 para top(01)
Mensaje X / 00:05:36:000 / top(01) / customin /    367.00000 para custom(02)
Mensaje D / 00:05:36:000 / custom(02) / 00:00:15:000 para top(01)
Mensaje D / 00:05:36:000 / top(01) / 00:00:15:000 para Root(00)
Mensaje * / 00:05:51:000 / Root(00) para top(01)
Mensaje * / 00:05:51:000 / top(01) para custom(02)
Mensaje Y / 00:05:51:000 / custom(02) / customout /    367.00000 para top(01)
Mensaje D / 00:05:51:000 / custom(02) / ... para top(01)
Mensaje Y / 00:05:51:000 / top(01) / customout /    367.00000 para Root(00)
Mensaje D / 00:05:51:000 / top(01) / ... para Root(00)
Mensaje X / 00:05:56:000 / Root(00) / customin /    368.00000 para top(01)
Mensaje X / 00:05:56:000 / top(01) / customin /    368.00000 para custom(02)
Mensaje D / 00:05:56:000 / custom(02) / 00:00:15:000 para top(01)
Mensaje D / 00:05:56:000 / top(01) / 00:00:15:000 para Root(00)
Mensaje * / 00:06:11:000 / Root(00) para top(01)
Mensaje * / 00:06:11:000 / top(01) para custom(02)
Mensaje Y / 00:06:11:000 / custom(02) / customout /    368.00000 para top(01)
Mensaje D / 00:06:11:000 / custom(02) / ... para top(01)
Mensaje Y / 00:06:11:000 / top(01) / customout /    368.00000 para Root(00)
Mensaje D / 00:06:11:000 / top(01) / ... para Root(00)
