Mensaje I / 00:00:00:000 / Root(00) para top(01)
Mensaje I / 00:00:00:000 / top(01) para luggage(02)
Mensaje D / 00:00:00:000 / luggage(02) / ... para top(01)
Mensaje D / 00:00:00:000 / top(01) / ... para Root(00)
Mensaje X / 00:00:00:000 / Root(00) / luggagein /     22.00000 para top(01)
Mensaje X / 00:00:00:000 / top(01) / luggagein /     22.00000 para luggage(02)
Mensaje D / 00:00:00:000 / luggage(02) / 00:00:09:000 para top(01)
Mensaje D / 00:00:00:000 / top(01) / 00:00:09:000 para Root(00)
Mensaje * / 00:00:09:000 / Root(00) para top(01)
Mensaje * / 00:00:09:000 / top(01) para luggage(02)
Mensaje Y / 00:00:09:000 / luggage(02) / luggageout /     22.00000 para top(01)
Mensaje D / 00:00:09:000 / luggage(02) / ... para top(01)
Mensaje Y / 00:00:09:000 / top(01) / luggageout /     22.00000 para Root(00)
Mensaje D / 00:00:09:000 / top(01) / ... para Root(00)
Mensaje X / 00:00:20:000 / Root(00) / luggagein /     23.00000 para top(01)
Mensaje X / 00:00:20:000 / top(01) / luggagein /     23.00000 para luggage(02)
Mensaje D / 00:00:20:000 / luggage(02) / 00:00:09:000 para top(01)
Mensaje D / 00:00:20:000 / top(01) / 00:00:09:000 para Root(00)
Mensaje X / 00:00:25:000 / Root(00) / luggagein /     24.00000 para top(01)
Mensaje X / 00:00:25:000 / top(01) / luggagein /     24.00000 para luggage(02)
Mensaje D / 00:00:25:000 / luggage(02) / 00:00:04:000 para top(01)
Mensaje D / 00:00:25:000 / top(01) / 00:00:04:000 para Root(00)
Mensaje * / 00:00:29:000 / Root(00) para top(01)
Mensaje * / 00:00:29:000 / top(01) para luggage(02)
Mensaje Y / 00:00:29:000 / luggage(02) / luggageout /     23.00000 para top(01)
Mensaje D / 00:00:29:000 / luggage(02) / ... para top(01)
Mensaje Y / 00:00:29:000 / top(01) / luggageout /     23.00000 para Root(00)
Mensaje D / 00:00:29:000 / top(01) / ... para Root(00)
Mensaje X / 00:01:10:000 / Root(00) / luggagein /     26.00000 para top(01)
Mensaje X / 00:01:10:000 / top(01) / luggagein /     26.00000 para luggage(02)
Mensaje D / 00:01:10:000 / luggage(02) / 00:00:09:000 para top(01)
Mensaje D / 00:01:10:000 / top(01) / 00:00:09:000 para Root(00)
Mensaje * / 00:01:19:000 / Root(00) para top(01)
Mensaje * / 00:01:19:000 / top(01) para luggage(02)
Mensaje Y / 00:01:19:000 / luggage(02) / overweightout /     26.00000 para top(01)
Mensaje D / 00:01:19:000 / luggage(02) / ... para top(01)
Mensaje Y / 00:01:19:000 / top(01) / overweightout /     26.00000 para Root(00)
Mensaje D / 00:01:19:000 / top(01) / ... para Root(00)
Mensaje X / 00:02:10:000 / Root(00) / luggagein /     56.00000 para top(01)
Mensaje X / 00:02:10:000 / top(01) / luggagein /     56.00000 para luggage(02)
Mensaje D / 00:02:10:000 / luggage(02) / 00:00:09:000 para top(01)
Mensaje D / 00:02:10:000 / top(01) / 00:00:09:000 para Root(00)
Mensaje * / 00:02:19:000 / Root(00) para top(01)
Mensaje * / 00:02:19:000 / top(01) para luggage(02)
Mensaje Y / 00:02:19:000 / luggage(02) / overweightout /     56.00000 para top(01)
Mensaje D / 00:02:19:000 / luggage(02) / ... para top(01)
Mensaje Y / 00:02:19:000 / top(01) / overweightout /     56.00000 para Root(00)
Mensaje D / 00:02:19:000 / top(01) / ... para Root(00)
Mensaje X / 00:02:20:000 / Root(00) / luggagein /    122.00000 para top(01)
Mensaje X / 00:02:20:000 / top(01) / luggagein /    122.00000 para luggage(02)
Mensaje D / 00:02:20:000 / luggage(02) / 00:00:09:000 para top(01)
Mensaje D / 00:02:20:000 / top(01) / 00:00:09:000 para Root(00)
Mensaje * / 00:02:29:000 / Root(00) para top(01)
Mensaje * / 00:02:29:000 / top(01) para luggage(02)
Mensaje Y / 00:02:29:000 / luggage(02) / overweightout /    122.00000 para top(01)
Mensaje D / 00:02:29:000 / luggage(02) / ... para top(01)
Mensaje Y / 00:02:29:000 / top(01) / overweightout /    122.00000 para Root(00)
Mensaje D / 00:02:29:000 / top(01) / ... para Root(00)
Mensaje X / 00:02:30:000 / Root(00) / luggagein /    125.00000 para top(01)
Mensaje X / 00:02:30:000 / top(01) / luggagein /    125.00000 para luggage(02)
Mensaje D / 00:02:30:000 / luggage(02) / 00:00:09:000 para top(01)
Mensaje D / 00:02:30:000 / top(01) / 00:00:09:000 para Root(00)
Mensaje * / 00:02:39:000 / Root(00) para top(01)
Mensaje * / 00:02:39:000 / top(01) para luggage(02)
Mensaje Y / 00:02:39:000 / luggage(02) / overweightout /    125.00000 para top(01)
Mensaje D / 00:02:39:000 / luggage(02) / ... para top(01)
Mensaje Y / 00:02:39:000 / top(01) / overweightout /    125.00000 para Root(00)
Mensaje D / 00:02:39:000 / top(01) / ... para Root(00)
Mensaje X / 00:02:40:000 / Root(00) / luggagein /    167.00000 para top(01)
Mensaje X / 00:02:40:000 / top(01) / luggagein /    167.00000 para luggage(02)
Mensaje D / 00:02:40:000 / luggage(02) / 00:00:09:000 para top(01)
Mensaje D / 00:02:40:000 / top(01) / 00:00:09:000 para Root(00)
Mensaje * / 00:02:49:000 / Root(00) para top(01)
Mensaje * / 00:02:49:000 / top(01) para luggage(02)
Mensaje Y / 00:02:49:000 / luggage(02) / luggageout /    167.00000 para top(01)
Mensaje D / 00:02:49:000 / luggage(02) / ... para top(01)
Mensaje Y / 00:02:49:000 / top(01) / luggageout /    167.00000 para Root(00)
Mensaje D / 00:02:49:000 / top(01) / ... para Root(00)
Mensaje X / 00:02:50:000 / Root(00) / luggagein /    178.00000 para top(01)
Mensaje X / 00:02:50:000 / top(01) / luggagein /    178.00000 para luggage(02)
Mensaje D / 00:02:50:000 / luggage(02) / 00:00:09:000 para top(01)
Mensaje D / 00:02:50:000 / top(01) / 00:00:09:000 para Root(00)
Mensaje * / 00:02:59:000 / Root(00) para top(01)
Mensaje * / 00:02:59:000 / top(01) para luggage(02)
Mensaje Y / 00:02:59:000 / luggage(02) / luggageout /    178.00000 para top(01)
Mensaje D / 00:02:59:000 / luggage(02) / ... para top(01)
Mensaje Y / 00:02:59:000 / top(01) / luggageout /    178.00000 para Root(00)
Mensaje D / 00:02:59:000 / top(01) / ... para Root(00)
Mensaje X / 00:03:00:000 / Root(00) / luggagein /    179.00000 para top(01)
Mensaje X / 00:03:00:000 / top(01) / luggagein /    179.00000 para luggage(02)
Mensaje D / 00:03:00:000 / luggage(02) / 00:00:09:000 para top(01)
Mensaje D / 00:03:00:000 / top(01) / 00:00:09:000 para Root(00)
Mensaje * / 00:03:09:000 / Root(00) para top(01)
Mensaje * / 00:03:09:000 / top(01) para luggage(02)
Mensaje Y / 00:03:09:000 / luggage(02) / luggageout /    179.00000 para top(01)
Mensaje D / 00:03:09:000 / luggage(02) / ... para top(01)
Mensaje Y / 00:03:09:000 / top(01) / luggageout /    179.00000 para Root(00)
Mensaje D / 00:03:09:000 / top(01) / ... para Root(00)
Mensaje X / 00:04:20:000 / Root(00) / luggagein /    223.00000 para top(01)
Mensaje X / 00:04:20:000 / top(01) / luggagein /    223.00000 para luggage(02)
Mensaje D / 00:04:20:000 / luggage(02) / 00:00:09:000 para top(01)
Mensaje D / 00:04:20:000 / top(01) / 00:00:09:000 para Root(00)
Mensaje X / 00:04:22:000 / Root(00) / luggagein /    225.00000 para top(01)
Mensaje X / 00:04:22:000 / top(01) / luggagein /    225.00000 para luggage(02)
Mensaje D / 00:04:22:000 / luggage(02) / 00:00:07:000 para top(01)
Mensaje D / 00:04:22:000 / top(01) / 00:00:07:000 para Root(00)
Mensaje * / 00:04:29:000 / Root(00) para top(01)
Mensaje * / 00:04:29:000 / top(01) para luggage(02)
Mensaje Y / 00:04:29:000 / luggage(02) / overweightout /    223.00000 para top(01)
Mensaje D / 00:04:29:000 / luggage(02) / ... para top(01)
Mensaje Y / 00:04:29:000 / top(01) / overweightout /    223.00000 para Root(00)
Mensaje D / 00:04:29:000 / top(01) / ... para Root(00)
Mensaje X / 00:04:50:000 / Root(00) / luggagein /    245.00000 para top(01)
Mensaje X / 00:04:50:000 / top(01) / luggagein /    245.00000 para luggage(02)
Mensaje D / 00:04:50:000 / luggage(02) / 00:00:09:000 para top(01)
Mensaje D / 00:04:50:000 / top(01) / 00:00:09:000 para Root(00)
Mensaje * / 00:04:59:000 / Root(00) para top(01)
Mensaje * / 00:04:59:000 / top(01) para luggage(02)
Mensaje Y / 00:04:59:000 / luggage(02) / luggageout /    245.00000 para top(01)
Mensaje D / 00:04:59:000 / luggage(02) / ... para top(01)
Mensaje Y / 00:04:59:000 / top(01) / luggageout /    245.00000 para Root(00)
Mensaje D / 00:04:59:000 / top(01) / ... para Root(00)
Mensaje X / 00:05:10:000 / Root(00) / luggagein /    256.00000 para top(01)
Mensaje X / 00:05:10:000 / top(01) / luggagein /    256.00000 para luggage(02)
Mensaje D / 00:05:10:000 / luggage(02) / 00:00:09:000 para top(01)
Mensaje D / 00:05:10:000 / top(01) / 00:00:09:000 para Root(00)
Mensaje * / 00:05:19:000 / Root(00) para top(01)
Mensaje * / 00:05:19:000 / top(01) para luggage(02)
Mensaje Y / 00:05:19:000 / luggage(02) / luggageout /    256.00000 para top(01)
Mensaje D / 00:05:19:000 / luggage(02) / ... para top(01)
Mensaje Y / 00:05:19:000 / top(01) / luggageout /    256.00000 para Root(00)
Mensaje D / 00:05:19:000 / top(01) / ... para Root(00)
Mensaje X / 00:05:30:000 / Root(00) / luggagein /    278.00000 para top(01)
Mensaje X / 00:05:30:000 / top(01) / luggagein /    278.00000 para luggage(02)
Mensaje D / 00:05:30:000 / luggage(02) / 00:00:09:000 para top(01)
Mensaje D / 00:05:30:000 / top(01) / 00:00:09:000 para Root(00)
Mensaje * / 00:05:39:000 / Root(00) para top(01)
Mensaje * / 00:05:39:000 / top(01) para luggage(02)
Mensaje Y / 00:05:39:000 / luggage(02) / luggageout /    278.00000 para top(01)
Mensaje D / 00:05:39:000 / luggage(02) / ... para top(01)
Mensaje Y / 00:05:39:000 / top(01) / luggageout /    278.00000 para Root(00)
Mensaje D / 00:05:39:000 / top(01) / ... para Root(00)
