Mensaje I / 00:00:00:000 / Root(00) para top(01)
Mensaje I / 00:00:00:000 / top(01) para proc(02)
Mensaje D / 00:00:00:000 / proc(02) / ... para top(01)
Mensaje D / 00:00:00:000 / top(01) / ... para Root(00)
Mensaje X / 00:00:10:000 / Root(00) / procin /      1.00000 para top(01)
Mensaje X / 00:00:10:000 / top(01) / procin /      1.00000 para proc(02)
Mensaje D / 00:00:10:000 / proc(02) / 00:00:05:000 para top(01)
Mensaje D / 00:00:10:000 / top(01) / 00:00:05:000 para Root(00)
Mensaje * / 00:00:15:000 / Root(00) para top(01)
Mensaje * / 00:00:15:000 / top(01) para proc(02)
Mensaje Y / 00:00:15:000 / proc(02) / procout /      1.00000 para top(01)
Mensaje Y / 00:00:15:000 / proc(02) / procfeedback /      1.00000 para top(01)
Mensaje D / 00:00:15:000 / proc(02) / ... para top(01)
Mensaje Y / 00:00:15:000 / top(01) / procout /      1.00000 para Root(00)
Mensaje Y / 00:00:15:000 / top(01) / procfeedback /      1.00000 para Root(00)
Mensaje D / 00:00:15:000 / top(01) / ... para Root(00)
Mensaje X / 00:00:16:000 / Root(00) / procin /      2.00000 para top(01)
Mensaje X / 00:00:16:000 / top(01) / procin /      2.00000 para proc(02)
Mensaje D / 00:00:16:000 / proc(02) / 00:00:05:000 para top(01)
Mensaje D / 00:00:16:000 / top(01) / 00:00:05:000 para Root(00)
Mensaje X / 00:00:19:000 / Root(00) / procin /      6.00000 para top(01)
Mensaje X / 00:00:19:000 / top(01) / procin /      6.00000 para proc(02)
Mensaje D / 00:00:19:000 / proc(02) / 00:00:02:000 para top(01)
Mensaje D / 00:00:19:000 / top(01) / 00:00:02:000 para Root(00)
Mensaje * / 00:00:21:000 / Root(00) para top(01)
Mensaje * / 00:00:21:000 / top(01) para proc(02)
Mensaje Y / 00:00:21:000 / proc(02) / procfeedback /      2.00000 para top(01)
Mensaje D / 00:00:21:000 / proc(02) / ... para top(01)
Mensaje Y / 00:00:21:000 / top(01) / procfeedback /      2.00000 para Root(00)
Mensaje D / 00:00:21:000 / top(01) / ... para Root(00)
Mensaje X / 00:00:28:000 / Root(00) / procin /      7.00000 para top(01)
Mensaje X / 00:00:28:000 / top(01) / procin /      7.00000 para proc(02)
Mensaje D / 00:00:28:000 / proc(02) / 00:00:05:000 para top(01)
Mensaje D / 00:00:28:000 / top(01) / 00:00:05:000 para Root(00)
Mensaje * / 00:00:33:000 / Root(00) para top(01)
Mensaje * / 00:00:33:000 / top(01) para proc(02)
Mensaje Y / 00:00:33:000 / proc(02) / procout /      7.00000 para top(01)
Mensaje Y / 00:00:33:000 / proc(02) / procfeedback /      7.00000 para top(01)
Mensaje D / 00:00:33:000 / proc(02) / ... para top(01)
Mensaje Y / 00:00:33:000 / top(01) / procout /      7.00000 para Root(00)
Mensaje Y / 00:00:33:000 / top(01) / procfeedback /      7.00000 para Root(00)
Mensaje D / 00:00:33:000 / top(01) / ... para Root(00)
Mensaje X / 00:00:34:000 / Root(00) / procin /      8.00000 para top(01)
Mensaje X / 00:00:34:000 / top(01) / procin /      8.00000 para proc(02)
Mensaje D / 00:00:34:000 / proc(02) / 00:00:05:000 para top(01)
Mensaje D / 00:00:34:000 / top(01) / 00:00:05:000 para Root(00)
Mensaje X / 00:00:35:000 / Root(00) / procin /     16.00000 para top(01)
Mensaje X / 00:00:35:000 / top(01) / procin /     16.00000 para proc(02)
Mensaje D / 00:00:35:000 / proc(02) / 00:00:04:000 para top(01)
Mensaje D / 00:00:35:000 / top(01) / 00:00:04:000 para Root(00)
Mensaje * / 00:00:39:000 / Root(00) para top(01)
Mensaje * / 00:00:39:000 / top(01) para proc(02)
Mensaje Y / 00:00:39:000 / proc(02) / procfeedback /      8.00000 para top(01)
Mensaje D / 00:00:39:000 / proc(02) / ... para top(01)
Mensaje Y / 00:00:39:000 / top(01) / procfeedback /      8.00000 para Root(00)
Mensaje D / 00:00:39:000 / top(01) / ... para Root(00)
Mensaje X / 00:01:28:000 / Root(00) / procin /     27.00000 para top(01)
Mensaje X / 00:01:28:000 / top(01) / procin /     27.00000 para proc(02)
Mensaje D / 00:01:28:000 / proc(02) / 00:00:05:000 para top(01)
Mensaje D / 00:01:28:000 / top(01) / 00:00:05:000 para Root(00)
Mensaje * / 00:01:33:000 / Root(00) para top(01)
Mensaje * / 00:01:33:000 / top(01) para proc(02)
Mensaje Y / 00:01:33:000 / proc(02) / procout /     27.00000 para top(01)
Mensaje Y / 00:01:33:000 / proc(02) / procfeedback /     27.00000 para top(01)
Mensaje D / 00:01:33:000 / proc(02) / ... para top(01)
Mensaje Y / 00:01:33:000 / top(01) / procout /     27.00000 para Root(00)
Mensaje Y / 00:01:33:000 / top(01) / procfeedback /     27.00000 para Root(00)
Mensaje D / 00:01:33:000 / top(01) / ... para Root(00)
Mensaje X / 00:02:34:000 / Root(00) / procin /     38.00000 para top(01)
Mensaje X / 00:02:34:000 / top(01) / procin /     38.00000 para proc(02)
Mensaje D / 00:02:34:000 / proc(02) / 00:00:05:000 para top(01)
Mensaje D / 00:02:34:000 / top(01) / 00:00:05:000 para Root(00)
Mensaje X / 00:02:36:000 / Root(00) / procin /     39.00000 para top(01)
Mensaje X / 00:02:36:000 / top(01) / procin /     39.00000 para proc(02)
Mensaje D / 00:02:36:000 / proc(02) / 00:00:03:000 para top(01)
Mensaje D / 00:02:36:000 / top(01) / 00:00:03:000 para Root(00)
Mensaje * / 00:02:39:000 / Root(00) para top(01)
Mensaje * / 00:02:39:000 / top(01) para proc(02)
Mensaje Y / 00:02:39:000 / proc(02) / procfeedback /     38.00000 para top(01)
Mensaje D / 00:02:39:000 / proc(02) / ... para top(01)
Mensaje Y / 00:02:39:000 / top(01) / procfeedback /     38.00000 para Root(00)
Mensaje D / 00:02:39:000 / top(01) / ... para Root(00)
Mensaje X / 00:04:34:000 / Root(00) / procin /     43.00000 para top(01)
Mensaje X / 00:04:34:000 / top(01) / procin /     43.00000 para proc(02)
Mensaje D / 00:04:34:000 / proc(02) / 00:00:05:000 para top(01)
Mensaje D / 00:04:34:000 / top(01) / 00:00:05:000 para Root(00)
Mensaje * / 00:04:39:000 / Root(00) para top(01)
Mensaje * / 00:04:39:000 / top(01) para proc(02)
Mensaje Y / 00:04:39:000 / proc(02) / procout /     43.00000 para top(01)
Mensaje Y / 00:04:39:000 / proc(02) / procfeedback /     43.00000 para top(01)
Mensaje D / 00:04:39:000 / proc(02) / ... para top(01)
Mensaje Y / 00:04:39:000 / top(01) / procout /     43.00000 para Root(00)
Mensaje Y / 00:04:39:000 / top(01) / procfeedback /     43.00000 para Root(00)
Mensaje D / 00:04:39:000 / top(01) / ... para Root(00)
Mensaje X / 00:05:34:000 / Root(00) / procin /     53.00000 para top(01)
Mensaje X / 00:05:34:000 / top(01) / procin /     53.00000 para proc(02)
Mensaje D / 00:05:34:000 / proc(02) / 00:00:05:000 para top(01)
Mensaje D / 00:05:34:000 / top(01) / 00:00:05:000 para Root(00)
Mensaje * / 00:05:39:000 / Root(00) para top(01)
Mensaje * / 00:05:39:000 / top(01) para proc(02)
Mensaje Y / 00:05:39:000 / proc(02) / procout /     53.00000 para top(01)
Mensaje Y / 00:05:39:000 / proc(02) / procfeedback /     53.00000 para top(01)
Mensaje D / 00:05:39:000 / proc(02) / ... para top(01)
Mensaje Y / 00:05:39:000 / top(01) / procout /     53.00000 para Root(00)
Mensaje Y / 00:05:39:000 / top(01) / procfeedback /     53.00000 para Root(00)
Mensaje D / 00:05:39:000 / top(01) / ... para Root(00)
Mensaje X / 00:06:20:000 / Root(00) / procin /     65.00000 para top(01)
Mensaje X / 00:06:20:000 / top(01) / procin /     65.00000 para proc(02)
Mensaje D / 00:06:20:000 / proc(02) / 00:00:05:000 para top(01)
Mensaje D / 00:06:20:000 / top(01) / 00:00:05:000 para Root(00)
Mensaje * / 00:06:25:000 / Root(00) para top(01)
Mensaje * / 00:06:25:000 / top(01) para proc(02)
Mensaje Y / 00:06:25:000 / proc(02) / procout /     65.00000 para top(01)
Mensaje Y / 00:06:25:000 / proc(02) / procfeedback /     65.00000 para top(01)
Mensaje D / 00:06:25:000 / proc(02) / ... para top(01)
Mensaje Y / 00:06:25:000 / top(01) / procout /     65.00000 para Root(00)
Mensaje Y / 00:06:25:000 / top(01) / procfeedback /     65.00000 para Root(00)
Mensaje D / 00:06:25:000 / top(01) / ... para Root(00)
Mensaje X / 00:07:34:000 / Root(00) / procin /     77.00000 para top(01)
Mensaje X / 00:07:34:000 / top(01) / procin /     77.00000 para proc(02)
Mensaje D / 00:07:34:000 / proc(02) / 00:00:05:000 para top(01)
Mensaje D / 00:07:34:000 / top(01) / 00:00:05:000 para Root(00)
Mensaje * / 00:07:39:000 / Root(00) para top(01)
Mensaje * / 00:07:39:000 / top(01) para proc(02)
Mensaje Y / 00:07:39:000 / proc(02) / procout /     77.00000 para top(01)
Mensaje Y / 00:07:39:000 / proc(02) / procfeedback /     77.00000 para top(01)
Mensaje D / 00:07:39:000 / proc(02) / ... para top(01)
Mensaje Y / 00:07:39:000 / top(01) / procout /     77.00000 para Root(00)
Mensaje Y / 00:07:39:000 / top(01) / procfeedback /     77.00000 para Root(00)
Mensaje D / 00:07:39:000 / top(01) / ... para Root(00)
Mensaje X / 00:08:00:000 / Root(00) / procin /     88.00000 para top(01)
Mensaje X / 00:08:00:000 / top(01) / procin /     88.00000 para proc(02)
Mensaje D / 00:08:00:000 / proc(02) / 00:00:05:000 para top(01)
Mensaje D / 00:08:00:000 / top(01) / 00:00:05:000 para Root(00)
Mensaje * / 00:08:05:000 / Root(00) para top(01)
Mensaje * / 00:08:05:000 / top(01) para proc(02)
Mensaje Y / 00:08:05:000 / proc(02) / procfeedback /     88.00000 para top(01)
Mensaje D / 00:08:05:000 / proc(02) / ... para top(01)
Mensaje Y / 00:08:05:000 / top(01) / procfeedback /     88.00000 para Root(00)
Mensaje D / 00:08:05:000 / top(01) / ... para Root(00)
