Mensaje I / 00:00:00:000 / Root(00) para top(01)
Mensaje I / 00:00:00:000 / top(01) para buffer(02)
Mensaje I / 00:00:00:000 / top(01) para proc(03)
Mensaje D / 00:00:00:000 / buffer(02) / ... para top(01)
Mensaje D / 00:00:00:000 / proc(03) / ... para top(01)
Mensaje D / 00:00:00:000 / top(01) / ... para Root(00)
Mensaje X / 00:00:00:000 / Root(00) / queuein /     15.00000 para top(01)
Mensaje X / 00:00:00:000 / top(01) / bufferin /     15.00000 para buffer(02)
Mensaje D / 00:00:00:000 / buffer(02) / 00:00:05:000 para top(01)
Mensaje D / 00:00:00:000 / top(01) / 00:00:05:000 para Root(00)
Mensaje * / 00:00:05:000 / Root(00) para top(01)
Mensaje * / 00:00:05:000 / top(01) para buffer(02)
Mensaje Y / 00:00:05:000 / buffer(02) / bufferout /      1.00000 para top(01)
Mensaje D / 00:00:05:000 / buffer(02) / ... para top(01)
Mensaje X / 00:00:05:000 / top(01) / procin /      1.00000 para proc(03)
Mensaje D / 00:00:05:000 / proc(03) / 00:00:05:000 para top(01)
Mensaje D / 00:00:05:000 / top(01) / 00:00:05:000 para Root(00)
Mensaje * / 00:00:10:000 / Root(00) para top(01)
Mensaje * / 00:00:10:000 / top(01) para proc(03)
Mensaje Y / 00:00:10:000 / proc(03) / procout /      1.00000 para top(01)
Mensaje Y / 00:00:10:000 / proc(03) / procfeedback /      1.00000 para top(01)
Mensaje D / 00:00:10:000 / proc(03) / ... para top(01)
Mensaje Y / 00:00:10:000 / top(01) / queueout /      1.00000 para Root(00)
Mensaje X / 00:00:10:000 / top(01) / notifydone /      1.00000 para buffer(02)
Mensaje D / 00:00:10:000 / buffer(02) / 00:00:00:000 para top(01)
Mensaje D / 00:00:10:000 / top(01) / 00:00:00:000 para Root(00)
Mensaje * / 00:00:10:000 / Root(00) para top(01)
Mensaje * / 00:00:10:000 / top(01) para buffer(02)
Mensaje D / 00:00:10:000 / buffer(02) / 00:00:05:000 para top(01)
Mensaje D / 00:00:10:000 / top(01) / 00:00:05:000 para Root(00)
Mensaje * / 00:00:15:000 / Root(00) para top(01)
Mensaje * / 00:00:15:000 / top(01) para buffer(02)
Mensaje Y / 00:00:15:000 / buffer(02) / bufferout /      2.00000 para top(01)
Mensaje D / 00:00:15:000 / buffer(02) / ... para top(01)
Mensaje X / 00:00:15:000 / top(01) / procin /      2.00000 para proc(03)
Mensaje D / 00:00:15:000 / proc(03) / 00:00:05:000 para top(01)
Mensaje D / 00:00:15:000 / top(01) / 00:00:05:000 para Root(00)
Mensaje * / 00:00:20:000 / Root(00) para top(01)
Mensaje * / 00:00:20:000 / top(01) para proc(03)
Mensaje Y / 00:00:20:000 / proc(03) / procfeedback /      2.00000 para top(01)
Mensaje D / 00:00:20:000 / proc(03) / ... para top(01)
Mensaje X / 00:00:20:000 / top(01) / notifydone /      2.00000 para buffer(02)
Mensaje D / 00:00:20:000 / buffer(02) / 00:00:00:000 para top(01)
Mensaje D / 00:00:20:000 / top(01) / 00:00:00:000 para Root(00)
Mensaje * / 00:00:20:000 / Root(00) para top(01)
Mensaje * / 00:00:20:000 / top(01) para buffer(02)
Mensaje D / 00:00:20:000 / buffer(02) / 00:00:05:000 para top(01)
Mensaje D / 00:00:20:000 / top(01) / 00:00:05:000 para Root(00)
Mensaje * / 00:00:25:000 / Root(00) para top(01)
Mensaje * / 00:00:25:000 / top(01) para buffer(02)
Mensaje Y / 00:00:25:000 / buffer(02) / bufferout /      3.00000 para top(01)
Mensaje D / 00:00:25:000 / buffer(02) / ... para top(01)
Mensaje X / 00:00:25:000 / top(01) / procin /      3.00000 para proc(03)
Mensaje D / 00:00:25:000 / proc(03) / 00:00:05:000 para top(01)
Mensaje D / 00:00:25:000 / top(01) / 00:00:05:000 para Root(00)
Mensaje * / 00:00:30:000 / Root(00) para top(01)
Mensaje * / 00:00:30:000 / top(01) para proc(03)
Mensaje Y / 00:00:30:000 / proc(03) / procout /      3.00000 para top(01)
Mensaje Y / 00:00:30:000 / proc(03) / procfeedback /      3.00000 para top(01)
Mensaje D / 00:00:30:000 / proc(03) / ... para top(01)
Mensaje Y / 00:00:30:000 / top(01) / queueout /      3.00000 para Root(00)
Mensaje X / 00:00:30:000 / top(01) / notifydone /      3.00000 para buffer(02)
Mensaje D / 00:00:30:000 / buffer(02) / 00:00:00:000 para top(01)
Mensaje D / 00:00:30:000 / top(01) / 00:00:00:000 para Root(00)
Mensaje * / 00:00:30:000 / Root(00) para top(01)
Mensaje * / 00:00:30:000 / top(01) para buffer(02)
Mensaje D / 00:00:30:000 / buffer(02) / 00:00:05:000 para top(01)
Mensaje D / 00:00:30:000 / top(01) / 00:00:05:000 para Root(00)
Mensaje * / 00:00:35:000 / Root(00) para top(01)
Mensaje * / 00:00:35:000 / top(01) para buffer(02)
Mensaje Y / 00:00:35:000 / buffer(02) / bufferout /      4.00000 para top(01)
Mensaje D / 00:00:35:000 / buffer(02) / ... para top(01)
Mensaje X / 00:00:35:000 / top(01) / procin /      4.00000 para proc(03)
Mensaje D / 00:00:35:000 / proc(03) / 00:00:05:000 para top(01)
Mensaje D / 00:00:35:000 / top(01) / 00:00:05:000 para Root(00)
Mensaje * / 00:00:40:000 / Root(00) para top(01)
Mensaje * / 00:00:40:000 / top(01) para proc(03)
Mensaje Y / 00:00:40:000 / proc(03) / procfeedback /      4.00000 para top(01)
Mensaje D / 00:00:40:000 / proc(03) / ... para top(01)
Mensaje X / 00:00:40:000 / top(01) / notifydone /      4.00000 para buffer(02)
Mensaje D / 00:00:40:000 / buffer(02) / 00:00:00:000 para top(01)
Mensaje D / 00:00:40:000 / top(01) / 00:00:00:000 para Root(00)
Mensaje * / 00:00:40:000 / Root(00) para top(01)
Mensaje * / 00:00:40:000 / top(01) para buffer(02)
Mensaje D / 00:00:40:000 / buffer(02) / 00:00:05:000 para top(01)
Mensaje D / 00:00:40:000 / top(01) / 00:00:05:000 para Root(00)
Mensaje * / 00:00:45:000 / Root(00) para top(01)
Mensaje * / 00:00:45:000 / top(01) para buffer(02)
Mensaje Y / 00:00:45:000 / buffer(02) / bufferout /      5.00000 para top(01)
Mensaje D / 00:00:45:000 / buffer(02) / ... para top(01)
Mensaje X / 00:00:45:000 / top(01) / procin /      5.00000 para proc(03)
Mensaje D / 00:00:45:000 / proc(03) / 00:00:05:000 para top(01)
Mensaje D / 00:00:45:000 / top(01) / 00:00:05:000 para Root(00)
Mensaje * / 00:00:50:000 / Root(00) para top(01)
Mensaje * / 00:00:50:000 / top(01) para proc(03)
Mensaje Y / 00:00:50:000 / proc(03) / procout /      5.00000 para top(01)
Mensaje Y / 00:00:50:000 / proc(03) / procfeedback /      5.00000 para top(01)
Mensaje D / 00:00:50:000 / proc(03) / ... para top(01)
Mensaje Y / 00:00:50:000 / top(01) / queueout /      5.00000 para Root(00)
Mensaje X / 00:00:50:000 / top(01) / notifydone /      5.00000 para buffer(02)
Mensaje D / 00:00:50:000 / buffer(02) / 00:00:00:000 para top(01)
Mensaje D / 00:00:50:000 / top(01) / 00:00:00:000 para Root(00)
Mensaje * / 00:00:50:000 / Root(00) para top(01)
Mensaje * / 00:00:50:000 / top(01) para buffer(02)
Mensaje D / 00:00:50:000 / buffer(02) / 00:00:05:000 para top(01)
Mensaje D / 00:00:50:000 / top(01) / 00:00:05:000 para Root(00)
Mensaje * / 00:00:55:000 / Root(00) para top(01)
Mensaje * / 00:00:55:000 / top(01) para buffer(02)
Mensaje Y / 00:00:55:000 / buffer(02) / bufferout /      6.00000 para top(01)
Mensaje D / 00:00:55:000 / buffer(02) / ... para top(01)
Mensaje X / 00:00:55:000 / top(01) / procin /      6.00000 para proc(03)
Mensaje D / 00:00:55:000 / proc(03) / 00:00:05:000 para top(01)
Mensaje D / 00:00:55:000 / top(01) / 00:00:05:000 para Root(00)
Mensaje * / 00:01:00:000 / Root(00) para top(01)
Mensaje * / 00:01:00:000 / top(01) para proc(03)
Mensaje Y / 00:01:00:000 / proc(03) / procfeedback /      6.00000 para top(01)
Mensaje D / 00:01:00:000 / proc(03) / ... para top(01)
Mensaje X / 00:01:00:000 / top(01) / notifydone /      6.00000 para buffer(02)
Mensaje D / 00:01:00:000 / buffer(02) / 00:00:00:000 para top(01)
Mensaje D / 00:01:00:000 / top(01) / 00:00:00:000 para Root(00)
Mensaje * / 00:01:00:000 / Root(00) para top(01)
Mensaje * / 00:01:00:000 / top(01) para buffer(02)
Mensaje D / 00:01:00:000 / buffer(02) / 00:00:05:000 para top(01)
Mensaje D / 00:01:00:000 / top(01) / 00:00:05:000 para Root(00)
Mensaje * / 00:01:05:000 / Root(00) para top(01)
Mensaje * / 00:01:05:000 / top(01) para buffer(02)
Mensaje Y / 00:01:05:000 / buffer(02) / bufferout /      7.00000 para top(01)
Mensaje D / 00:01:05:000 / buffer(02) / ... para top(01)
Mensaje X / 00:01:05:000 / top(01) / procin /      7.00000 para proc(03)
Mensaje D / 00:01:05:000 / proc(03) / 00:00:05:000 para top(01)
Mensaje D / 00:01:05:000 / top(01) / 00:00:05:000 para Root(00)
Mensaje * / 00:01:10:000 / Root(00) para top(01)
Mensaje * / 00:01:10:000 / top(01) para proc(03)
Mensaje Y / 00:01:10:000 / proc(03) / procout /      7.00000 para top(01)
Mensaje Y / 00:01:10:000 / proc(03) / procfeedback /      7.00000 para top(01)
Mensaje D / 00:01:10:000 / proc(03) / ... para top(01)
Mensaje Y / 00:01:10:000 / top(01) / queueout /      7.00000 para Root(00)
Mensaje X / 00:01:10:000 / top(01) / notifydone /      7.00000 para buffer(02)
Mensaje D / 00:01:10:000 / buffer(02) / 00:00:00:000 para top(01)
Mensaje D / 00:01:10:000 / top(01) / 00:00:00:000 para Root(00)
Mensaje * / 00:01:10:000 / Root(00) para top(01)
Mensaje * / 00:01:10:000 / top(01) para buffer(02)
Mensaje D / 00:01:10:000 / buffer(02) / 00:00:05:000 para top(01)
Mensaje D / 00:01:10:000 / top(01) / 00:00:05:000 para Root(00)
Mensaje * / 00:01:15:000 / Root(00) para top(01)
Mensaje * / 00:01:15:000 / top(01) para buffer(02)
Mensaje Y / 00:01:15:000 / buffer(02) / bufferout /      8.00000 para top(01)
Mensaje D / 00:01:15:000 / buffer(02) / ... para top(01)
Mensaje X / 00:01:15:000 / top(01) / procin /      8.00000 para proc(03)
Mensaje D / 00:01:15:000 / proc(03) / 00:00:05:000 para top(01)
Mensaje D / 00:01:15:000 / top(01) / 00:00:05:000 para Root(00)
Mensaje * / 00:01:20:000 / Root(00) para top(01)
Mensaje * / 00:01:20:000 / top(01) para proc(03)
Mensaje Y / 00:01:20:000 / proc(03) / procfeedback /      8.00000 para top(01)
Mensaje D / 00:01:20:000 / proc(03) / ... para top(01)
Mensaje X / 00:01:20:000 / top(01) / notifydone /      8.00000 para buffer(02)
Mensaje D / 00:01:20:000 / buffer(02) / 00:00:00:000 para top(01)
Mensaje D / 00:01:20:000 / top(01) / 00:00:00:000 para Root(00)
Mensaje * / 00:01:20:000 / Root(00) para top(01)
Mensaje * / 00:01:20:000 / top(01) para buffer(02)
Mensaje D / 00:01:20:000 / buffer(02) / 00:00:05:000 para top(01)
Mensaje D / 00:01:20:000 / top(01) / 00:00:05:000 para Root(00)
Mensaje * / 00:01:25:000 / Root(00) para top(01)
Mensaje * / 00:01:25:000 / top(01) para buffer(02)
Mensaje Y / 00:01:25:000 / buffer(02) / bufferout /      9.00000 para top(01)
Mensaje D / 00:01:25:000 / buffer(02) / ... para top(01)
Mensaje X / 00:01:25:000 / top(01) / procin /      9.00000 para proc(03)
Mensaje D / 00:01:25:000 / proc(03) / 00:00:05:000 para top(01)
Mensaje D / 00:01:25:000 / top(01) / 00:00:05:000 para Root(00)
Mensaje * / 00:01:30:000 / Root(00) para top(01)
Mensaje * / 00:01:30:000 / top(01) para proc(03)
Mensaje Y / 00:01:30:000 / proc(03) / procout /      9.00000 para top(01)
Mensaje Y / 00:01:30:000 / proc(03) / procfeedback /      9.00000 para top(01)
Mensaje D / 00:01:30:000 / proc(03) / ... para top(01)
Mensaje Y / 00:01:30:000 / top(01) / queueout /      9.00000 para Root(00)
Mensaje X / 00:01:30:000 / top(01) / notifydone /      9.00000 para buffer(02)
Mensaje D / 00:01:30:000 / buffer(02) / 00:00:00:000 para top(01)
Mensaje D / 00:01:30:000 / top(01) / 00:00:00:000 para Root(00)
Mensaje * / 00:01:30:000 / Root(00) para top(01)
Mensaje * / 00:01:30:000 / top(01) para buffer(02)
Mensaje D / 00:01:30:000 / buffer(02) / 00:00:05:000 para top(01)
Mensaje D / 00:01:30:000 / top(01) / 00:00:05:000 para Root(00)
Mensaje * / 00:01:35:000 / Root(00) para top(01)
Mensaje * / 00:01:35:000 / top(01) para buffer(02)
Mensaje Y / 00:01:35:000 / buffer(02) / bufferout /     10.00000 para top(01)
Mensaje D / 00:01:35:000 / buffer(02) / ... para top(01)
Mensaje X / 00:01:35:000 / top(01) / procin /     10.00000 para proc(03)
Mensaje D / 00:01:35:000 / proc(03) / 00:00:05:000 para top(01)
Mensaje D / 00:01:35:000 / top(01) / 00:00:05:000 para Root(00)
Mensaje * / 00:01:40:000 / Root(00) para top(01)
Mensaje * / 00:01:40:000 / top(01) para proc(03)
Mensaje Y / 00:01:40:000 / proc(03) / procfeedback /     10.00000 para top(01)
Mensaje D / 00:01:40:000 / proc(03) / ... para top(01)
Mensaje X / 00:01:40:000 / top(01) / notifydone /     10.00000 para buffer(02)
Mensaje D / 00:01:40:000 / buffer(02) / 00:00:00:000 para top(01)
Mensaje D / 00:01:40:000 / top(01) / 00:00:00:000 para Root(00)
Mensaje * / 00:01:40:000 / Root(00) para top(01)
Mensaje * / 00:01:40:000 / top(01) para buffer(02)
Mensaje D / 00:01:40:000 / buffer(02) / 00:00:05:000 para top(01)
Mensaje D / 00:01:40:000 / top(01) / 00:00:05:000 para Root(00)
Mensaje * / 00:01:45:000 / Root(00) para top(01)
Mensaje * / 00:01:45:000 / top(01) para buffer(02)
Mensaje Y / 00:01:45:000 / buffer(02) / bufferout /     11.00000 para top(01)
Mensaje D / 00:01:45:000 / buffer(02) / ... para top(01)
Mensaje X / 00:01:45:000 / top(01) / procin /     11.00000 para proc(03)
Mensaje D / 00:01:45:000 / proc(03) / 00:00:05:000 para top(01)
Mensaje D / 00:01:45:000 / top(01) / 00:00:05:000 para Root(00)
Mensaje * / 00:01:50:000 / Root(00) para top(01)
Mensaje * / 00:01:50:000 / top(01) para proc(03)
Mensaje Y / 00:01:50:000 / proc(03) / procout /     11.00000 para top(01)
Mensaje Y / 00:01:50:000 / proc(03) / procfeedback /     11.00000 para top(01)
Mensaje D / 00:01:50:000 / proc(03) / ... para top(01)
Mensaje Y / 00:01:50:000 / top(01) / queueout /     11.00000 para Root(00)
Mensaje X / 00:01:50:000 / top(01) / notifydone /     11.00000 para buffer(02)
Mensaje D / 00:01:50:000 / buffer(02) / 00:00:00:000 para top(01)
Mensaje D / 00:01:50:000 / top(01) / 00:00:00:000 para Root(00)
Mensaje * / 00:01:50:000 / Root(00) para top(01)
Mensaje * / 00:01:50:000 / top(01) para buffer(02)
Mensaje D / 00:01:50:000 / buffer(02) / 00:00:05:000 para top(01)
Mensaje D / 00:01:50:000 / top(01) / 00:00:05:000 para Root(00)
Mensaje * / 00:01:55:000 / Root(00) para top(01)
Mensaje * / 00:01:55:000 / top(01) para buffer(02)
Mensaje Y / 00:01:55:000 / buffer(02) / bufferout /     12.00000 para top(01)
Mensaje D / 00:01:55:000 / buffer(02) / ... para top(01)
Mensaje X / 00:01:55:000 / top(01) / procin /     12.00000 para proc(03)
Mensaje D / 00:01:55:000 / proc(03) / 00:00:05:000 para top(01)
Mensaje D / 00:01:55:000 / top(01) / 00:00:05:000 para Root(00)
Mensaje * / 00:02:00:000 / Root(00) para top(01)
Mensaje * / 00:02:00:000 / top(01) para proc(03)
Mensaje Y / 00:02:00:000 / proc(03) / procfeedback /     12.00000 para top(01)
Mensaje D / 00:02:00:000 / proc(03) / ... para top(01)
Mensaje X / 00:02:00:000 / top(01) / notifydone /     12.00000 para buffer(02)
Mensaje D / 00:02:00:000 / buffer(02) / 00:00:00:000 para top(01)
Mensaje D / 00:02:00:000 / top(01) / 00:00:00:000 para Root(00)
Mensaje * / 00:02:00:000 / Root(00) para top(01)
Mensaje * / 00:02:00:000 / top(01) para buffer(02)
Mensaje D / 00:02:00:000 / buffer(02) / 00:00:05:000 para top(01)
Mensaje D / 00:02:00:000 / top(01) / 00:00:05:000 para Root(00)
Mensaje * / 00:02:05:000 / Root(00) para top(01)
Mensaje * / 00:02:05:000 / top(01) para buffer(02)
Mensaje Y / 00:02:05:000 / buffer(02) / bufferout /     13.00000 para top(01)
Mensaje D / 00:02:05:000 / buffer(02) / ... para top(01)
Mensaje X / 00:02:05:000 / top(01) / procin /     13.00000 para proc(03)
Mensaje D / 00:02:05:000 / proc(03) / 00:00:05:000 para top(01)
Mensaje D / 00:02:05:000 / top(01) / 00:00:05:000 para Root(00)
Mensaje * / 00:02:10:000 / Root(00) para top(01)
Mensaje * / 00:02:10:000 / top(01) para proc(03)
Mensaje Y / 00:02:10:000 / proc(03) / procout /     13.00000 para top(01)
Mensaje Y / 00:02:10:000 / proc(03) / procfeedback /     13.00000 para top(01)
Mensaje D / 00:02:10:000 / proc(03) / ... para top(01)
Mensaje Y / 00:02:10:000 / top(01) / queueout /     13.00000 para Root(00)
Mensaje X / 00:02:10:000 / top(01) / notifydone /     13.00000 para buffer(02)
Mensaje D / 00:02:10:000 / buffer(02) / 00:00:00:000 para top(01)
Mensaje D / 00:02:10:000 / top(01) / 00:00:00:000 para Root(00)
Mensaje * / 00:02:10:000 / Root(00) para top(01)
Mensaje * / 00:02:10:000 / top(01) para buffer(02)
Mensaje D / 00:02:10:000 / buffer(02) / 00:00:05:000 para top(01)
Mensaje D / 00:02:10:000 / top(01) / 00:00:05:000 para Root(00)
Mensaje * / 00:02:15:000 / Root(00) para top(01)
Mensaje * / 00:02:15:000 / top(01) para buffer(02)
Mensaje Y / 00:02:15:000 / buffer(02) / bufferout /     14.00000 para top(01)
Mensaje D / 00:02:15:000 / buffer(02) / ... para top(01)
Mensaje X / 00:02:15:000 / top(01) / procin /     14.00000 para proc(03)
Mensaje D / 00:02:15:000 / proc(03) / 00:00:05:000 para top(01)
Mensaje D / 00:02:15:000 / top(01) / 00:00:05:000 para Root(00)
Mensaje * / 00:02:20:000 / Root(00) para top(01)
Mensaje * / 00:02:20:000 / top(01) para proc(03)
Mensaje Y / 00:02:20:000 / proc(03) / procfeedback /     14.00000 para top(01)
Mensaje D / 00:02:20:000 / proc(03) / ... para top(01)
Mensaje X / 00:02:20:000 / top(01) / notifydone /     14.00000 para buffer(02)
Mensaje D / 00:02:20:000 / buffer(02) / 00:00:00:000 para top(01)
Mensaje D / 00:02:20:000 / top(01) / 00:00:00:000 para Root(00)
Mensaje * / 00:02:20:000 / Root(00) para top(01)
Mensaje * / 00:02:20:000 / top(01) para buffer(02)
Mensaje D / 00:02:20:000 / buffer(02) / 00:00:05:000 para top(01)
Mensaje D / 00:02:20:000 / top(01) / 00:00:05:000 para Root(00)
Mensaje * / 00:02:25:000 / Root(00) para top(01)
Mensaje * / 00:02:25:000 / top(01) para buffer(02)
Mensaje Y / 00:02:25:000 / buffer(02) / bufferout /     15.00000 para top(01)
Mensaje D / 00:02:25:000 / buffer(02) / ... para top(01)
Mensaje X / 00:02:25:000 / top(01) / procin /     15.00000 para proc(03)
Mensaje D / 00:02:25:000 / proc(03) / 00:00:05:000 para top(01)
Mensaje D / 00:02:25:000 / top(01) / 00:00:05:000 para Root(00)
Mensaje * / 00:02:30:000 / Root(00) para top(01)
Mensaje * / 00:02:30:000 / top(01) para proc(03)
Mensaje Y / 00:02:30:000 / proc(03) / procout /     15.00000 para top(01)
Mensaje Y / 00:02:30:000 / proc(03) / procfeedback /     15.00000 para top(01)
Mensaje D / 00:02:30:000 / proc(03) / ... para top(01)
Mensaje Y / 00:02:30:000 / top(01) / queueout /     15.00000 para Root(00)
Mensaje X / 00:02:30:000 / top(01) / notifydone /     15.00000 para buffer(02)
Mensaje D / 00:02:30:000 / buffer(02) / 00:00:00:000 para top(01)
Mensaje D / 00:02:30:000 / top(01) / 00:00:00:000 para Root(00)
Mensaje * / 00:02:30:000 / Root(00) para top(01)
Mensaje * / 00:02:30:000 / top(01) para buffer(02)
Mensaje D / 00:02:30:000 / buffer(02) / ... para top(01)
Mensaje D / 00:02:30:000 / top(01) / ... para Root(00)
