Mensaje I / 00:00:00:000 / Root(00) para top(01)
Mensaje I / 00:00:00:000 / top(01) para security(02)
Mensaje D / 00:00:00:000 / security(02) / ... para top(01)
Mensaje D / 00:00:00:000 / top(01) / ... para Root(00)
Mensaje X / 00:00:00:000 / Root(00) / securityin /     46.00000 para top(01)
Mensaje X / 00:00:00:000 / top(01) / securityin /     46.00000 para security(02)
Mensaje D / 00:00:00:000 / security(02) / 00:00:10:000 para top(01)
Mensaje D / 00:00:00:000 / top(01) / 00:00:10:000 para Root(00)
Mensaje * / 00:00:10:000 / Root(00) para top(01)
Mensaje * / 00:00:10:000 / top(01) para security(02)
Mensaje Y / 00:00:10:000 / security(02) / securityout /     46.00000 para top(01)
Mensaje D / 00:00:10:000 / security(02) / ... para top(01)
Mensaje Y / 00:00:10:000 / top(01) / securityout /     46.00000 para Root(00)
Mensaje D / 00:00:10:000 / top(01) / ... para Root(00)
Mensaje X / 00:03:00:000 / Root(00) / securityin /     47.00000 para top(01)
Mensaje X / 00:03:00:000 / top(01) / securityin /     47.00000 para security(02)
Mensaje D / 00:03:00:000 / security(02) / 00:00:10:000 para top(01)
Mensaje D / 00:03:00:000 / top(01) / 00:00:10:000 para Root(00)
Mensaje * / 00:03:10:000 / Root(00) para top(01)
Mensaje * / 00:03:10:000 / top(01) para security(02)
Mensaje Y / 00:03:10:000 / security(02) / securityout /     47.00000 para top(01)
Mensaje D / 00:03:10:000 / security(02) / ... para top(01)
Mensaje Y / 00:03:10:000 / top(01) / securityout /     47.00000 para Root(00)
Mensaje D / 00:03:10:000 / top(01) / ... para Root(00)
Mensaje X / 00:04:00:000 / Root(00) / securityin /     48.00000 para top(01)
Mensaje X / 00:04:00:000 / top(01) / securityin /     48.00000 para security(02)
Mensaje D / 00:04:00:000 / security(02) / 00:00:10:000 para top(01)
Mensaje D / 00:04:00:000 / top(01) / 00:00:10:000 para Root(00)
Mensaje * / 00:04:10:000 / Root(00) para top(01)
Mensaje * / 00:04:10:000 / top(01) para security(02)
Mensaje Y / 00:04:10:000 / security(02) / securityout /     48.00000 para top(01)
Mensaje D / 00:04:10:000 / security(02) / ... para top(01)
Mensaje Y / 00:04:10:000 / top(01) / securityout /     48.00000 para Root(00)
Mensaje D / 00:04:10:000 / top(01) / ... para Root(00)
Mensaje X / 00:05:00:000 / Root(00) / securityin /     49.00000 para top(01)
Mensaje X / 00:05:00:000 / top(01) / securityin /     49.00000 para security(02)
Mensaje D / 00:05:00:000 / security(02) / 00:00:10:000 para top(01)
Mensaje D / 00:05:00:000 / top(01) / 00:00:10:000 para Root(00)
Mensaje * / 00:05:10:000 / Root(00) para top(01)
Mensaje * / 00:05:10:000 / top(01) para security(02)
Mensaje Y / 00:05:10:000 / security(02) / securityfailout /     49.00000 para top(01)
Mensaje D / 00:05:10:000 / security(02) / ... para top(01)
Mensaje Y / 00:05:10:000 / top(01) / securityfailout /     49.00000 para Root(00)
Mensaje D / 00:05:10:000 / top(01) / ... para Root(00)
Mensaje X / 00:06:00:000 / Root(00) / securityin /     51.00000 para top(01)
Mensaje X / 00:06:00:000 / top(01) / securityin /     51.00000 para security(02)
Mensaje D / 00:06:00:000 / security(02) / 00:00:10:000 para top(01)
Mensaje D / 00:06:00:000 / top(01) / 00:00:10:000 para Root(00)
Mensaje * / 00:06:10:000 / Root(00) para top(01)
Mensaje * / 00:06:10:000 / top(01) para security(02)
Mensaje Y / 00:06:10:000 / security(02) / securityfailout /     51.00000 para top(01)
Mensaje D / 00:06:10:000 / security(02) / ... para top(01)
Mensaje Y / 00:06:10:000 / top(01) / securityfailout /     51.00000 para Root(00)
Mensaje D / 00:06:10:000 / top(01) / ... para Root(00)
Mensaje X / 00:07:00:000 / Root(00) / securityin /     53.00000 para top(01)
Mensaje X / 00:07:00:000 / top(01) / securityin /     53.00000 para security(02)
Mensaje D / 00:07:00:000 / security(02) / 00:00:10:000 para top(01)
Mensaje D / 00:07:00:000 / top(01) / 00:00:10:000 para Root(00)
Mensaje * / 00:07:10:000 / Root(00) para top(01)
Mensaje * / 00:07:10:000 / top(01) para security(02)
Mensaje Y / 00:07:10:000 / security(02) / securityfailout /     53.00000 para top(01)
Mensaje D / 00:07:10:000 / security(02) / ... para top(01)
Mensaje Y / 00:07:10:000 / top(01) / securityfailout /     53.00000 para Root(00)
Mensaje D / 00:07:10:000 / top(01) / ... para Root(00)
Mensaje X / 00:08:00:000 / Root(00) / securityin /    113.00000 para top(01)
Mensaje X / 00:08:00:000 / top(01) / securityin /    113.00000 para security(02)
Mensaje D / 00:08:00:000 / security(02) / 00:00:10:000 para top(01)
Mensaje D / 00:08:00:000 / top(01) / 00:00:10:000 para Root(00)
Mensaje * / 00:08:10:000 / Root(00) para top(01)
Mensaje * / 00:08:10:000 / top(01) para security(02)
Mensaje Y / 00:08:10:000 / security(02) / securityfailout /    113.00000 para top(01)
Mensaje D / 00:08:10:000 / security(02) / ... para top(01)
Mensaje Y / 00:08:10:000 / top(01) / securityfailout /    113.00000 para Root(00)
Mensaje D / 00:08:10:000 / top(01) / ... para Root(00)
Mensaje X / 00:09:00:000 / Root(00) / securityin /    177.00000 para top(01)
Mensaje X / 00:09:00:000 / top(01) / securityin /    177.00000 para security(02)
Mensaje D / 00:09:00:000 / security(02) / 00:00:10:000 para top(01)
Mensaje D / 00:09:00:000 / top(01) / 00:00:10:000 para Root(00)
Mensaje * / 00:09:10:000 / Root(00) para top(01)
Mensaje * / 00:09:10:000 / top(01) para security(02)
Mensaje Y / 00:09:10:000 / security(02) / securityfailout /    177.00000 para top(01)
Mensaje D / 00:09:10:000 / security(02) / ... para top(01)
Mensaje Y / 00:09:10:000 / top(01) / securityfailout /    177.00000 para Root(00)
Mensaje D / 00:09:10:000 / top(01) / ... para Root(00)
Mensaje X / 00:10:00:000 / Root(00) / securityin /    241.00000 para top(01)
Mensaje X / 00:10:00:000 / top(01) / securityin /    241.00000 para security(02)
Mensaje D / 00:10:00:000 / security(02) / 00:00:10:000 para top(01)
Mensaje D / 00:10:00:000 / top(01) / 00:00:10:000 para Root(00)
Mensaje * / 00:10:10:000 / Root(00) para top(01)
Mensaje * / 00:10:10:000 / top(01) para security(02)
Mensaje Y / 00:10:10:000 / security(02) / securityout /    241.00000 para top(01)
Mensaje D / 00:10:10:000 / security(02) / ... para top(01)
Mensaje Y / 00:10:10:000 / top(01) / securityout /    241.00000 para Root(00)
Mensaje D / 00:10:10:000 / top(01) / ... para Root(00)
