Mensaje I / 00:00:00:000 / Root(00) para top(01)
Mensaje I / 00:00:00:000 / top(01) para luggage(02)
Mensaje I / 00:00:00:000 / top(01) para custom(03)
Mensaje I / 00:00:00:000 / top(01) para security(04)
Mensaje D / 00:00:00:000 / luggage(02) / ... para top(01)
Mensaje D / 00:00:00:000 / custom(03) / ... para top(01)
Mensaje D / 00:00:00:000 / security(04) / ... para top(01)
Mensaje D / 00:00:00:000 / top(01) / ... para Root(00)
Mensaje X / 00:10:00:000 / Root(00) / checkin /     15.00000 para top(01)
Mensaje X / 00:10:00:000 / top(01) / luggagein /     15.00000 para luggage(02)
Mensaje D / 00:10:00:000 / luggage(02) / 00:00:09:000 para top(01)
Mensaje D / 00:10:00:000 / top(01) / 00:00:09:000 para Root(00)
Mensaje * / 00:10:09:000 / Root(00) para top(01)
Mensaje * / 00:10:09:000 / top(01) para luggage(02)
Mensaje Y / 00:10:09:000 / luggage(02) / luggageout /     15.00000 para top(01)
Mensaje D / 00:10:09:000 / luggage(02) / ... para top(01)
Mensaje X / 00:10:09:000 / top(01) / customin /     15.00000 para custom(03)
Mensaje D / 00:10:09:000 / custom(03) / 00:00:15:000 para top(01)
Mensaje D / 00:10:09:000 / top(01) / 00:00:15:000 para Root(00)
Mensaje * / 00:10:24:000 / Root(00) para top(01)
Mensaje * / 00:10:24:000 / top(01) para custom(03)
Mensaje Y / 00:10:24:000 / custom(03) / customout /     15.00000 para top(01)
Mensaje D / 00:10:24:000 / custom(03) / ... para top(01)
Mensaje X / 00:10:24:000 / top(01) / securityin /     15.00000 para security(04)
Mensaje D / 00:10:24:000 / security(04) / 00:00:10:000 para top(01)
Mensaje D / 00:10:24:000 / top(01) / 00:00:10:000 para Root(00)
Mensaje * / 00:10:34:000 / Root(00) para top(01)
Mensaje * / 00:10:34:000 / top(01) para security(04)
Mensaje Y / 00:10:34:000 / security(04) / securityout /     15.00000 para top(01)
Mensaje D / 00:10:34:000 / security(04) / ... para top(01)
Mensaje D / 00:10:34:000 / top(01) / ... para Root(00)
Mensaje X / 00:20:00:000 / Root(00) / checkin /     29.00000 para top(01)
Mensaje X / 00:20:00:000 / top(01) / luggagein /     29.00000 para luggage(02)
Mensaje D / 00:20:00:000 / luggage(02) / 00:00:09:000 para top(01)
Mensaje D / 00:20:00:000 / top(01) / 00:00:09:000 para Root(00)
Mensaje * / 00:20:09:000 / Root(00) para top(01)
Mensaje * / 00:20:09:000 / top(01) para luggage(02)
Mensaje Y / 00:20:09:000 / luggage(02) / overweightout /     29.00000 para top(01)
Mensaje D / 00:20:09:000 / luggage(02) / ... para top(01)
Mensaje Y / 00:20:09:000 / top(01) / overweightpassengerno /     29.00000 para Root(00)
Mensaje D / 00:20:09:000 / top(01) / ... para Root(00)
Mensaje X / 00:30:00:000 / Root(00) / checkin /     31.00000 para top(01)
Mensaje X / 00:30:00:000 / top(01) / luggagein /     31.00000 para luggage(02)
Mensaje D / 00:30:00:000 / luggage(02) / 00:00:09:000 para top(01)
Mensaje D / 00:30:00:000 / top(01) / 00:00:09:000 para Root(00)
Mensaje * / 00:30:09:000 / Root(00) para top(01)
Mensaje * / 00:30:09:000 / top(01) para luggage(02)
Mensaje Y / 00:30:09:000 / luggage(02) / overweightout /     31.00000 para top(01)
Mensaje D / 00:30:09:000 / luggage(02) / ... para top(01)
Mensaje Y / 00:30:09:000 / top(01) / overweightpassengerno /     31.00000 para Root(00)
Mensaje D / 00:30:09:000 / top(01) / ... para Root(00)
Mensaje X / 00:40:00:000 / Root(00) / checkin /     47.00000 para top(01)
Mensaje X / 00:40:00:000 / top(01) / luggagein /     47.00000 para luggage(02)
Mensaje D / 00:40:00:000 / luggage(02) / 00:00:09:000 para top(01)
Mensaje D / 00:40:00:000 / top(01) / 00:00:09:000 para Root(00)
Mensaje * / 00:40:09:000 / Root(00) para top(01)
Mensaje * / 00:40:09:000 / top(01) para luggage(02)
Mensaje Y / 00:40:09:000 / luggage(02) / luggageout /     47.00000 para top(01)
Mensaje D / 00:40:09:000 / luggage(02) / ... para top(01)
Mensaje X / 00:40:09:000 / top(01) / customin /     47.00000 para custom(03)
Mensaje D / 00:40:09:000 / custom(03) / 00:00:15:000 para top(01)
Mensaje D / 00:40:09:000 / top(01) / 00:00:15:000 para Root(00)
Mensaje * / 00:40:24:000 / Root(00) para top(01)
Mensaje * / 00:40:24:000 / top(01) para custom(03)
Mensaje Y / 00:40:24:000 / custom(03) / customfailout /     47.00000 para top(01)
Mensaje D / 00:40:24:000 / custom(03) / ... para top(01)
Mensaje Y / 00:40:24:000 / top(01) / customfailpassengerno /     47.00000 para Root(00)
Mensaje D / 00:40:24:000 / top(01) / ... para Root(00)
Mensaje X / 00:50:00:000 / Root(00) / checkin /     49.00000 para top(01)
Mensaje X / 00:50:00:000 / top(01) / luggagein /     49.00000 para luggage(02)
Mensaje D / 00:50:00:000 / luggage(02) / 00:00:09:000 para top(01)
Mensaje D / 00:50:00:000 / top(01) / 00:00:09:000 para Root(00)
Mensaje * / 00:50:09:000 / Root(00) para top(01)
Mensaje * / 00:50:09:000 / top(01) para luggage(02)
Mensaje Y / 00:50:09:000 / luggage(02) / luggageout /     49.00000 para top(01)
Mensaje D / 00:50:09:000 / luggage(02) / ... para top(01)
Mensaje X / 00:50:09:000 / top(01) / customin /     49.00000 para custom(03)
Mensaje D / 00:50:09:000 / custom(03) / 00:00:15:000 para top(01)
Mensaje D / 00:50:09:000 / top(01) / 00:00:15:000 para Root(00)
Mensaje * / 00:50:24:000 / Root(00) para top(01)
Mensaje * / 00:50:24:000 / top(01) para custom(03)
Mensaje Y / 00:50:24:000 / custom(03) / customout /     49.00000 para top(01)
Mensaje D / 00:50:24:000 / custom(03) / ... para top(01)
Mensaje X / 00:50:24:000 / top(01) / securityin /     49.00000 para security(04)
Mensaje D / 00:50:24:000 / security(04) / 00:00:10:000 para top(01)
Mensaje D / 00:50:24:000 / top(01) / 00:00:10:000 para Root(00)
Mensaje * / 00:50:34:000 / Root(00) para top(01)
Mensaje * / 00:50:34:000 / top(01) para security(04)
Mensaje Y / 00:50:34:000 / security(04) / securityfailout /     49.00000 para top(01)
Mensaje D / 00:50:34:000 / security(04) / ... para top(01)
Mensaje Y / 00:50:34:000 / top(01) / securityfailpassengerno /     49.00000 para Root(00)
Mensaje D / 00:50:34:000 / top(01) / ... para Root(00)
Mensaje X / 00:55:00:000 / Root(00) / checkin /    109.00000 para top(01)
Mensaje X / 00:55:00:000 / top(01) / luggagein /    109.00000 para luggage(02)
Mensaje D / 00:55:00:000 / luggage(02) / 00:00:09:000 para top(01)
Mensaje D / 00:55:00:000 / top(01) / 00:00:09:000 para Root(00)
Mensaje * / 00:55:09:000 / Root(00) para top(01)
Mensaje * / 00:55:09:000 / top(01) para luggage(02)
Mensaje Y / 00:55:09:000 / luggage(02) / luggageout /    109.00000 para top(01)
Mensaje D / 00:55:09:000 / luggage(02) / ... para top(01)
Mensaje X / 00:55:09:000 / top(01) / customin /    109.00000 para custom(03)
Mensaje D / 00:55:09:000 / custom(03) / 00:00:15:000 para top(01)
Mensaje D / 00:55:09:000 / top(01) / 00:00:15:000 para Root(00)
Mensaje * / 00:55:24:000 / Root(00) para top(01)
Mensaje * / 00:55:24:000 / top(01) para custom(03)
Mensaje Y / 00:55:24:000 / custom(03) / customout /    109.00000 para top(01)
Mensaje D / 00:55:24:000 / custom(03) / ... para top(01)
Mensaje X / 00:55:24:000 / top(01) / securityin /    109.00000 para security(04)
Mensaje D / 00:55:24:000 / security(04) / 00:00:10:000 para top(01)
Mensaje D / 00:55:24:000 / top(01) / 00:00:10:000 para Root(00)
Mensaje * / 00:55:34:000 / Root(00) para top(01)
Mensaje * / 00:55:34:000 / top(01) para security(04)
Mensaje Y / 00:55:34:000 / security(04) / securityout /    109.00000 para top(01)
Mensaje D / 00:55:34:000 / security(04) / ... para top(01)
Mensaje D / 00:55:34:000 / top(01) / ... para Root(00)
Mensaje X / 01:10:00:000 / Root(00) / checkin /    111.00000 para top(01)
Mensaje X / 01:10:00:000 / top(01) / luggagein /    111.00000 para luggage(02)
Mensaje D / 01:10:00:000 / luggage(02) / 00:00:09:000 para top(01)
Mensaje D / 01:10:00:000 / top(01) / 00:00:09:000 para Root(00)
Mensaje * / 01:10:09:000 / Root(00) para top(01)
Mensaje * / 01:10:09:000 / top(01) para luggage(02)
Mensaje Y / 01:10:09:000 / luggage(02) / luggageout /    111.00000 para top(01)
Mensaje D / 01:10:09:000 / luggage(02) / ... para top(01)
Mensaje X / 01:10:09:000 / top(01) / customin /    111.00000 para custom(03)
Mensaje D / 01:10:09:000 / custom(03) / 00:00:15:000 para top(01)
Mensaje D / 01:10:09:000 / top(01) / 00:00:15:000 para Root(00)
Mensaje * / 01:10:24:000 / Root(00) para top(01)
Mensaje * / 01:10:24:000 / top(01) para custom(03)
Mensaje Y / 01:10:24:000 / custom(03) / customfailout /    111.00000 para top(01)
Mensaje D / 01:10:24:000 / custom(03) / ... para top(01)
Mensaje Y / 01:10:24:000 / top(01) / customfailpassengerno /    111.00000 para Root(00)
Mensaje D / 01:10:24:000 / top(01) / ... para Root(00)
Mensaje X / 01:30:00:000 / Root(00) / checkin /    113.00000 para top(01)
Mensaje X / 01:30:00:000 / top(01) / luggagein /    113.00000 para luggage(02)
Mensaje D / 01:30:00:000 / luggage(02) / 00:00:09:000 para top(01)
Mensaje D / 01:30:00:000 / top(01) / 00:00:09:000 para Root(00)
Mensaje * / 01:30:09:000 / Root(00) para top(01)
Mensaje * / 01:30:09:000 / top(01) para luggage(02)
Mensaje Y / 01:30:09:000 / luggage(02) / luggageout /    113.00000 para top(01)
Mensaje D / 01:30:09:000 / luggage(02) / ... para top(01)
Mensaje X / 01:30:09:000 / top(01) / customin /    113.00000 para custom(03)
Mensaje D / 01:30:09:000 / custom(03) / 00:00:15:000 para top(01)
Mensaje D / 01:30:09:000 / top(01) / 00:00:15:000 para Root(00)
Mensaje * / 01:30:24:000 / Root(00) para top(01)
Mensaje * / 01:30:24:000 / top(01) para custom(03)
Mensaje Y / 01:30:24:000 / custom(03) / customout /    113.00000 para top(01)
Mensaje D / 01:30:24:000 / custom(03) / ... para top(01)
Mensaje X / 01:30:24:000 / top(01) / securityin /    113.00000 para security(04)
Mensaje D / 01:30:24:000 / security(04) / 00:00:10:000 para top(01)
Mensaje D / 01:30:24:000 / top(01) / 00:00:10:000 para Root(00)
Mensaje * / 01:30:34:000 / Root(00) para top(01)
Mensaje * / 01:30:34:000 / top(01) para security(04)
Mensaje Y / 01:30:34:000 / security(04) / securityout /    113.00000 para top(01)
Mensaje D / 01:30:34:000 / security(04) / ... para top(01)
Mensaje D / 01:30:34:000 / top(01) / ... para Root(00)
Mensaje X / 01:50:00:000 / Root(00) / checkin /    127.00000 para top(01)
Mensaje X / 01:50:00:000 / top(01) / luggagein /    127.00000 para luggage(02)
Mensaje D / 01:50:00:000 / luggage(02) / 00:00:09:000 para top(01)
Mensaje D / 01:50:00:000 / top(01) / 00:00:09:000 para Root(00)
Mensaje * / 01:50:09:000 / Root(00) para top(01)
Mensaje * / 01:50:09:000 / top(01) para luggage(02)
Mensaje Y / 01:50:09:000 / luggage(02) / overweightout /    127.00000 para top(01)
Mensaje D / 01:50:09:000 / luggage(02) / ... para top(01)
Mensaje Y / 01:50:09:000 / top(01) / overweightpassengerno /    127.00000 para Root(00)
Mensaje D / 01:50:09:000 / top(01) / ... para Root(00)
Mensaje X / 01:55:00:000 / Root(00) / checkin /    177.00000 para top(01)
Mensaje X / 01:55:00:000 / top(01) / luggagein /    177.00000 para luggage(02)
Mensaje D / 01:55:00:000 / luggage(02) / 00:00:09:000 para top(01)
Mensaje D / 01:55:00:000 / top(01) / 00:00:09:000 para Root(00)
Mensaje * / 01:55:09:000 / Root(00) para top(01)
Mensaje * / 01:55:09:000 / top(01) para luggage(02)
Mensaje Y / 01:55:09:000 / luggage(02) / luggageout /    177.00000 para top(01)
Mensaje D / 01:55:09:000 / luggage(02) / ... para top(01)
Mensaje X / 01:55:09:000 / top(01) / customin /    177.00000 para custom(03)
Mensaje D / 01:55:09:000 / custom(03) / 00:00:15:000 para top(01)
Mensaje D / 01:55:09:000 / top(01) / 00:00:15:000 para Root(00)
Mensaje * / 01:55:24:000 / Root(00) para top(01)
Mensaje * / 01:55:24:000 / top(01) para custom(03)
Mensaje Y / 01:55:24:000 / custom(03) / customout /    177.00000 para top(01)
Mensaje D / 01:55:24:000 / custom(03) / ... para top(01)
Mensaje X / 01:55:24:000 / top(01) / securityin /    177.00000 para security(04)
Mensaje D / 01:55:24:000 / security(04) / 00:00:10:000 para top(01)
Mensaje D / 01:55:24:000 / top(01) / 00:00:10:000 para Root(00)
Mensaje * / 01:55:34:000 / Root(00) para top(01)
Mensaje * / 01:55:34:000 / top(01) para security(04)
Mensaje Y / 01:55:34:000 / security(04) / securityfailout /    177.00000 para top(01)
Mensaje D / 01:55:34:000 / security(04) / ... para top(01)
Mensaje Y / 01:55:34:000 / top(01) / securityfailpassengerno /    177.00000 para Root(00)
Mensaje D / 01:55:34:000 / top(01) / ... para Root(00)
Mensaje X / 02:10:00:000 / Root(00) / checkin /    341.00000 para top(01)
Mensaje X / 02:10:00:000 / top(01) / luggagein /    341.00000 para luggage(02)
Mensaje D / 02:10:00:000 / luggage(02) / 00:00:09:000 para top(01)
Mensaje D / 02:10:00:000 / top(01) / 00:00:09:000 para Root(00)
Mensaje * / 02:10:09:000 / Root(00) para top(01)
Mensaje * / 02:10:09:000 / top(01) para luggage(02)
Mensaje Y / 02:10:09:000 / luggage(02) / luggageout /    341.00000 para top(01)
Mensaje D / 02:10:09:000 / luggage(02) / ... para top(01)
Mensaje X / 02:10:09:000 / top(01) / customin /    341.00000 para custom(03)
Mensaje D / 02:10:09:000 / custom(03) / 00:00:15:000 para top(01)
Mensaje D / 02:10:09:000 / top(01) / 00:00:15:000 para Root(00)
Mensaje * / 02:10:24:000 / Root(00) para top(01)
Mensaje * / 02:10:24:000 / top(01) para custom(03)
Mensaje Y / 02:10:24:000 / custom(03) / customout /    341.00000 para top(01)
Mensaje D / 02:10:24:000 / custom(03) / ... para top(01)
Mensaje X / 02:10:24:000 / top(01) / securityin /    341.00000 para security(04)
Mensaje D / 02:10:24:000 / security(04) / 00:00:10:000 para top(01)
Mensaje D / 02:10:24:000 / top(01) / 00:00:10:000 para Root(00)
Mensaje * / 02:10:34:000 / Root(00) para top(01)
Mensaje * / 02:10:34:000 / top(01) para security(04)
Mensaje Y / 02:10:34:000 / security(04) / securityout /    341.00000 para top(01)
Mensaje D / 02:10:34:000 / security(04) / ... para top(01)
Mensaje D / 02:10:34:000 / top(01) / ... para Root(00)
Mensaje X / 03:40:00:000 / Root(00) / checkin /    343.00000 para top(01)
Mensaje X / 03:40:00:000 / top(01) / luggagein /    343.00000 para luggage(02)
Mensaje D / 03:40:00:000 / luggage(02) / 00:00:09:000 para top(01)
Mensaje D / 03:40:00:000 / top(01) / 00:00:09:000 para Root(00)
Mensaje * / 03:40:09:000 / Root(00) para top(01)
Mensaje * / 03:40:09:000 / top(01) para luggage(02)
Mensaje Y / 03:40:09:000 / luggage(02) / luggageout /    343.00000 para top(01)
Mensaje D / 03:40:09:000 / luggage(02) / ... para top(01)
Mensaje X / 03:40:09:000 / top(01) / customin /    343.00000 para custom(03)
Mensaje D / 03:40:09:000 / custom(03) / 00:00:15:000 para top(01)
Mensaje D / 03:40:09:000 / top(01) / 00:00:15:000 para Root(00)
Mensaje * / 03:40:24:000 / Root(00) para top(01)
Mensaje * / 03:40:24:000 / top(01) para custom(03)
Mensaje Y / 03:40:24:000 / custom(03) / customout /    343.00000 para top(01)
Mensaje D / 03:40:24:000 / custom(03) / ... para top(01)
Mensaje X / 03:40:24:000 / top(01) / securityin /    343.00000 para security(04)
Mensaje D / 03:40:24:000 / security(04) / 00:00:10:000 para top(01)
Mensaje D / 03:40:24:000 / top(01) / 00:00:10:000 para Root(00)
Mensaje * / 03:40:34:000 / Root(00) para top(01)
Mensaje * / 03:40:34:000 / top(01) para security(04)
Mensaje Y / 03:40:34:000 / security(04) / securityout /    343.00000 para top(01)
Mensaje D / 03:40:34:000 / security(04) / ... para top(01)
Mensaje D / 03:40:34:000 / top(01) / ... para Root(00)
Mensaje X / 04:40:00:000 / Root(00) / checkin /    135.00000 para top(01)
Mensaje X / 04:40:00:000 / top(01) / luggagein /    135.00000 para luggage(02)
Mensaje D / 04:40:00:000 / luggage(02) / 00:00:09:000 para top(01)
Mensaje D / 04:40:00:000 / top(01) / 00:00:09:000 para Root(00)
Mensaje * / 04:40:09:000 / Root(00) para top(01)
Mensaje * / 04:40:09:000 / top(01) para luggage(02)
Mensaje Y / 04:40:09:000 / luggage(02) / luggageout /    135.00000 para top(01)
Mensaje D / 04:40:09:000 / luggage(02) / ... para top(01)
Mensaje X / 04:40:09:000 / top(01) / customin /    135.00000 para custom(03)
Mensaje D / 04:40:09:000 / custom(03) / 00:00:15:000 para top(01)
Mensaje D / 04:40:09:000 / top(01) / 00:00:15:000 para Root(00)
Mensaje * / 04:40:24:000 / Root(00) para top(01)
Mensaje * / 04:40:24:000 / top(01) para custom(03)
Mensaje Y / 04:40:24:000 / custom(03) / customout /    135.00000 para top(01)
Mensaje D / 04:40:24:000 / custom(03) / ... para top(01)
Mensaje X / 04:40:24:000 / top(01) / securityin /    135.00000 para security(04)
Mensaje D / 04:40:24:000 / security(04) / 00:00:10:000 para top(01)
Mensaje D / 04:40:24:000 / top(01) / 00:00:10:000 para Root(00)
Mensaje * / 04:40:34:000 / Root(00) para top(01)
Mensaje * / 04:40:34:000 / top(01) para security(04)
Mensaje Y / 04:40:34:000 / security(04) / securityout /    135.00000 para top(01)
Mensaje D / 04:40:34:000 / security(04) / ... para top(01)
Mensaje D / 04:40:34:000 / top(01) / ... para Root(00)
Mensaje X / 05:50:00:000 / Root(00) / checkin /    327.00000 para top(01)
Mensaje X / 05:50:00:000 / top(01) / luggagein /    327.00000 para luggage(02)
Mensaje D / 05:50:00:000 / luggage(02) / 00:00:09:000 para top(01)
Mensaje D / 05:50:00:000 / top(01) / 00:00:09:000 para Root(00)
Mensaje * / 05:50:09:000 / Root(00) para top(01)
Mensaje * / 05:50:09:000 / top(01) para luggage(02)
Mensaje Y / 05:50:09:000 / luggage(02) / luggageout /    327.00000 para top(01)
Mensaje D / 05:50:09:000 / luggage(02) / ... para top(01)
Mensaje X / 05:50:09:000 / top(01) / customin /    327.00000 para custom(03)
Mensaje D / 05:50:09:000 / custom(03) / 00:00:15:000 para top(01)
Mensaje D / 05:50:09:000 / top(01) / 00:00:15:000 para Root(00)
Mensaje * / 05:50:24:000 / Root(00) para top(01)
Mensaje * / 05:50:24:000 / top(01) para custom(03)
Mensaje Y / 05:50:24:000 / custom(03) / customout /    327.00000 para top(01)
Mensaje D / 05:50:24:000 / custom(03) / ... para top(01)
Mensaje X / 05:50:24:000 / top(01) / securityin /    327.00000 para security(04)
Mensaje D / 05:50:24:000 / security(04) / 00:00:10:000 para top(01)
Mensaje D / 05:50:24:000 / top(01) / 00:00:10:000 para Root(00)
Mensaje * / 05:50:34:000 / Root(00) para top(01)
Mensaje * / 05:50:34:000 / top(01) para security(04)
Mensaje Y / 05:50:34:000 / security(04) / securityout /    327.00000 para top(01)
Mensaje D / 05:50:34:000 / security(04) / ... para top(01)
Mensaje D / 05:50:34:000 / top(01) / ... para Root(00)
Mensaje X / 06:00:00:000 / Root(00) / checkin /    233.00000 para top(01)
Mensaje X / 06:00:00:000 / top(01) / luggagein /    233.00000 para luggage(02)
Mensaje D / 06:00:00:000 / luggage(02) / 00:00:09:000 para top(01)
Mensaje D / 06:00:00:000 / top(01) / 00:00:09:000 para Root(00)
Mensaje * / 06:00:09:000 / Root(00) para top(01)
Mensaje * / 06:00:09:000 / top(01) para luggage(02)
Mensaje Y / 06:00:09:000 / luggage(02) / luggageout /    233.00000 para top(01)
Mensaje D / 06:00:09:000 / luggage(02) / ... para top(01)
Mensaje X / 06:00:09:000 / top(01) / customin /    233.00000 para custom(03)
Mensaje D / 06:00:09:000 / custom(03) / 00:00:15:000 para top(01)
Mensaje D / 06:00:09:000 / top(01) / 00:00:15:000 para Root(00)
Mensaje * / 06:00:24:000 / Root(00) para top(01)
Mensaje * / 06:00:24:000 / top(01) para custom(03)
Mensaje Y / 06:00:24:000 / custom(03) / customout /    233.00000 para top(01)
Mensaje D / 06:00:24:000 / custom(03) / ... para top(01)
Mensaje X / 06:00:24:000 / top(01) / securityin /    233.00000 para security(04)
Mensaje D / 06:00:24:000 / security(04) / 00:00:10:000 para top(01)
Mensaje D / 06:00:24:000 / top(01) / 00:00:10:000 para Root(00)
Mensaje * / 06:00:34:000 / Root(00) para top(01)
Mensaje * / 06:00:34:000 / top(01) para security(04)
Mensaje Y / 06:00:34:000 / security(04) / securityout /    233.00000 para top(01)
Mensaje D / 06:00:34:000 / security(04) / ... para top(01)
Mensaje D / 06:00:34:000 / top(01) / ... para Root(00)
